<?xml version="1.0" encoding="utf-8"?>
<CoverageSession xmlns:xsd="http://www.w3.org/2001/XMLSchema" xmlns:xsi="http://www.w3.org/2001/XMLSchema-instance">
  <Summary numSequencePoints="521" visitedSequencePoints="345" numBranchPoints="80" visitedBranchPoints="53" sequenceCoverage="66.22" branchCoverage="66.25" maxCyclomaticComplexity="4" minCyclomaticComplexity="1" visitedClasses="17" numClasses="18" visitedMethods="45" numMethods="60" />
  <Modules>
    <Module skippedDueTo="Filter" hash="FD-6B-2D-18-7D-9E-B0-6F-C4-03-61-A8-DC-75-CD-98-65-5F-2D-B5">
      <ModulePath>C:\WINDOWS\Microsoft.Net\assembly\GAC_64\mscorlib\v4.0_4.0.0.0__b77a5c561934e089\mscorlib.dll</ModulePath>
      <ModuleTime>2018-10-11T06:37:59.7116576Z</ModuleTime>
      <ModuleName>mscorlib</ModuleName>
      <Classes />
    </Module>
    <Module skippedDueTo="MissingPdb" hash="42-5D-0E-14-9A-00-93-21-57-8C-FC-8C-B0-3D-F9-C7-AF-CD-A3-02">
      <ModulePath>C:\TaskManagerV3\TaskManager\packages\NUnit.ConsoleRunner.3.9.0\tools\nunit3-console.exe</ModulePath>
      <ModuleTime>2018-09-05T14:48:28Z</ModuleTime>
      <ModuleName>nunit3-console</ModuleName>
      <Classes />
    </Module>
    <Module skippedDueTo="Filter" hash="58-09-54-CA-F8-D9-E8-21-E8-AE-5F-7D-B7-DE-E1-3D-86-EC-D7-30">
      <ModulePath>C:\WINDOWS\Microsoft.Net\assembly\GAC_MSIL\System\v4.0_4.0.0.0__b77a5c561934e089\System.dll</ModulePath>
      <ModuleTime>2018-12-07T03:19:42.3868702Z</ModuleTime>
      <ModuleName>System</ModuleName>
      <Classes />
    </Module>
    <Module skippedDueTo="MissingPdb" hash="0A-47-64-32-4B-83-DF-99-42-5A-C7-DE-DA-21-E5-6C-A1-90-50-AC">
      <ModulePath>C:\TaskManagerV3\TaskManager\packages\NUnit.ConsoleRunner.3.9.0\tools\nunit.engine.api.dll</ModulePath>
      <ModuleTime>2018-09-05T14:48:28Z</ModuleTime>
      <ModuleName>nunit.engine.api</ModuleName>
      <Classes />
    </Module>
    <Module skippedDueTo="MissingPdb" hash="D5-00-67-52-C5-AF-05-06-2D-35-DF-4F-C4-22-51-88-35-4A-CD-00">
      <ModulePath>C:\TaskManagerV3\TaskManager\packages\NUnit.ConsoleRunner.3.9.0\tools\nunit.engine.dll</ModulePath>
      <ModuleTime>2018-09-05T14:48:28Z</ModuleTime>
      <ModuleName>nunit.engine</ModuleName>
      <Classes />
    </Module>
    <Module skippedDueTo="Filter" hash="F2-26-5B-FA-55-E9-5B-BC-DD-3A-32-56-2C-38-71-11-1A-8E-6D-32">
      <ModulePath>C:\WINDOWS\Microsoft.Net\assembly\GAC_MSIL\System.Xml\v4.0_4.0.0.0__b77a5c561934e089\System.Xml.dll</ModulePath>
      <ModuleTime>2018-04-11T23:35:17.0290261Z</ModuleTime>
      <ModuleName>System.Xml</ModuleName>
      <Classes />
    </Module>
    <Module skippedDueTo="Filter" hash="3A-73-A1-C9-77-A2-4B-0D-EE-93-92-04-28-0A-E5-0F-7B-06-36-12">
      <ModulePath>C:\WINDOWS\Microsoft.Net\assembly\GAC_64\System.Web\v4.0_4.0.0.0__b03f5f7f11d50a3a\System.Web.dll</ModulePath>
      <ModuleTime>2018-11-16T16:41:35.0071154Z</ModuleTime>
      <ModuleName>System.Web</ModuleName>
      <Classes />
    </Module>
    <Module skippedDueTo="Filter" hash="B5-2C-52-19-7F-DE-8E-1A-EE-7C-F3-4D-31-FC-77-A2-C4-49-EE-AB">
      <ModulePath>C:\WINDOWS\Microsoft.Net\assembly\GAC_MSIL\System.Runtime.Remoting\v4.0_4.0.0.0__b77a5c561934e089\System.Runtime.Remoting.dll</ModulePath>
      <ModuleTime>2018-04-11T23:35:17.0134Z</ModuleTime>
      <ModuleName>System.Runtime.Remoting</ModuleName>
      <Classes />
    </Module>
    <Module skippedDueTo="Filter" hash="2A-F4-1C-14-5D-7A-74-B3-03-8B-1D-2A-59-DC-B6-BE-1D-C8-EF-54">
      <ModulePath>C:\WINDOWS\Microsoft.Net\assembly\GAC_MSIL\System.Configuration\v4.0_4.0.0.0__b03f5f7f11d50a3a\System.Configuration.dll</ModulePath>
      <ModuleTime>2018-04-11T23:35:16.9508953Z</ModuleTime>
      <ModuleName>System.Configuration</ModuleName>
      <Classes />
    </Module>
    <Module skippedDueTo="MissingPdb" hash="7C-26-06-1C-0A-29-02-E5-32-A6-26-CA-D2-F5-06-AA-A1-3B-9C-8F">
      <ModulePath>C:\TaskManagerV3\TaskManager\packages\NUnit.ConsoleRunner.3.9.0\tools\Mono.Cecil.dll</ModulePath>
      <ModuleTime>2018-09-05T14:48:28Z</ModuleTime>
      <ModuleName>Mono.Cecil</ModuleName>
      <Classes />
    </Module>
    <Module skippedDueTo="Filter" hash="D8-D0-AA-44-01-A4-68-06-BB-05-E0-D9-50-C0-0E-34-3C-7C-4B-7C">
      <ModulePath>C:\WINDOWS\Microsoft.Net\assembly\GAC_MSIL\System.Core\v4.0_4.0.0.0__b77a5c561934e089\System.Core.dll</ModulePath>
      <ModuleTime>2018-09-11T01:30:33.1251512Z</ModuleTime>
      <ModuleName>System.Core</ModuleName>
      <Classes />
    </Module>
    <Module skippedDueTo="MissingPdb" hash="D0-28-87-1E-9F-96-03-5C-DD-6C-EE-2A-08-04-43-0E-24-28-FE-11">
      <ModulePath>C:\TaskManagerV3\TaskManager\packages\NUnit.ConsoleRunner.3.9.0\tools\nunit-agent.exe</ModulePath>
      <ModuleTime>2018-09-05T14:48:28Z</ModuleTime>
      <ModuleName>nunit-agent</ModuleName>
      <Classes />
    </Module>
    <Module skippedDueTo="Filter" hash="EE-92-34-AE-A6-A6-A8-2E-8A-34-A1-E4-20-3D-2A-23-C5-9D-D8-D2">
      <ModulePath>C:\TaskManagerV3\TaskManager\TaskManager.Test\bin\Debug\nunit.framework.dll</ModulePath>
      <ModuleTime>2018-10-06T11:22:56Z</ModuleTime>
      <ModuleName>nunit.framework</ModuleName>
      <Classes />
    </Module>
    <Module hash="09-FD-FA-C6-B0-88-FF-0A-35-35-C9-8F-41-56-FE-B2-BC-B9-B4-68">
      <Summary numSequencePoints="188" visitedSequencePoints="188" numBranchPoints="22" visitedBranchPoints="22" sequenceCoverage="100" branchCoverage="100" maxCyclomaticComplexity="1" minCyclomaticComplexity="1" visitedClasses="10" numClasses="10" visitedMethods="22" numMethods="22" />
      <ModulePath>C:\TaskManagerV3\TaskManager\TaskManager.Test\bin\Debug\TaskManager.Test.dll</ModulePath>
      <ModuleTime>2019-02-02T06:56:05.0370373Z</ModuleTime>
      <ModuleName>TaskManager.Test</ModuleName>
      <Files>
        <File uid="1" fullPath="C:\TaskManagerV3\TaskManager\TaskManager.Test\TestProjServices.cs" />
        <File uid="4" fullPath="C:\TaskManagerV3\TaskManager\TaskManager.Test\TestUserServices.cs" />
        <File uid="7" fullPath="C:\TaskManagerV3\TaskManager\TaskManager.Test\TestUserBL.cs" />
        <File uid="8" fullPath="C:\TaskManagerV3\TaskManager\TaskManager.Test\TestProjectBL.cs" />
        <File uid="9" fullPath="C:\TaskManagerV3\TaskManager\TaskManager.Test\TestTaskBL.cs" />
        <File uid="10" fullPath="C:\TaskManagerV3\TaskManager\TaskManager.Test\TestTaskServices.cs" />
      </Files>
      <Classes>
        <Class>
          <Summary numSequencePoints="0" visitedSequencePoints="0" numBranchPoints="0" visitedBranchPoints="0" sequenceCoverage="0" branchCoverage="0" maxCyclomaticComplexity="0" minCyclomaticComplexity="0" visitedClasses="0" numClasses="0" visitedMethods="0" numMethods="0" />
          <FullName>&lt;Module&gt;</FullName>
          <Methods />
        </Class>
        <Class>
          <Summary numSequencePoints="35" visitedSequencePoints="35" numBranchPoints="3" visitedBranchPoints="3" sequenceCoverage="100" branchCoverage="100" maxCyclomaticComplexity="1" minCyclomaticComplexity="1" visitedClasses="1" numClasses="1" visitedMethods="3" numMethods="3" />
          <FullName>Test.TestProjServices</FullName>
          <Methods>
            <Method visited="true" cyclomaticComplexity="1" nPathComplexity="0" sequenceCoverage="100" branchCoverage="100" isConstructor="false" isStatic="false" isGetter="false" isSetter="false">
              <Summary numSequencePoints="6" visitedSequencePoints="6" numBranchPoints="1" visitedBranchPoints="1" sequenceCoverage="100" branchCoverage="100" maxCyclomaticComplexity="1" minCyclomaticComplexity="1" visitedClasses="0" numClasses="0" visitedMethods="1" numMethods="1" />
              <MetadataToken>100663297</MetadataToken>
              <Name>System.Void Test.TestProjServices::ProjectControllerGetProjectsByIdTest2()</Name>
              <FileRef uid="1" />
              <SequencePoints>
                <SequencePoint vc="1" uspid="1" ordinal="0" offset="0" sl="23" sc="9" el="23" ec="10" bec="0" bev="0" fileid="1" />
                <SequencePoint vc="1" uspid="2" ordinal="1" offset="1" sl="24" sc="13" el="24" ec="54" bec="0" bev="0" fileid="1" />
                <SequencePoint vc="1" uspid="3" ordinal="2" offset="7" sl="25" sc="13" el="25" ec="111" bec="0" bev="0" fileid="1" />
                <SequencePoint vc="1" uspid="4" ordinal="3" offset="19" sl="26" sc="13" el="26" ec="49" bec="0" bev="0" fileid="1" />
                <SequencePoint vc="1" uspid="5" ordinal="4" offset="31" sl="27" sc="13" el="27" ec="43" bec="0" bev="0" fileid="1" />
                <SequencePoint vc="1" uspid="6" ordinal="5" offset="39" sl="28" sc="9" el="28" ec="10" bec="0" bev="0" fileid="1" />
              </SequencePoints>
              <BranchPoints />
              <MethodPoint xsi:type="SequencePoint" vc="1" uspid="1" ordinal="0" offset="0" sl="23" sc="9" el="23" ec="10" bec="0" bev="0" fileid="1" />
            </Method>
            <Method visited="true" cyclomaticComplexity="1" nPathComplexity="0" sequenceCoverage="100" branchCoverage="100" isConstructor="false" isStatic="false" isGetter="false" isSetter="false">
              <Summary numSequencePoints="13" visitedSequencePoints="13" numBranchPoints="1" visitedBranchPoints="1" sequenceCoverage="100" branchCoverage="100" maxCyclomaticComplexity="1" minCyclomaticComplexity="1" visitedClasses="0" numClasses="0" visitedMethods="1" numMethods="1" />
              <MetadataToken>100663298</MetadataToken>
              <Name>System.Void Test.TestProjServices::ProjectTestCreateAction()</Name>
              <FileRef uid="1" />
              <SequencePoints>
                <SequencePoint vc="1" uspid="7" ordinal="0" offset="6" sl="32" sc="5" el="32" ec="6" bec="0" bev="0" fileid="1" />
                <SequencePoint vc="1" uspid="8" ordinal="1" offset="7" sl="33" sc="13" el="33" ec="41" bec="0" bev="0" fileid="1" />
                <SequencePoint vc="1" uspid="9" ordinal="2" offset="13" sl="34" sc="13" el="34" ec="44" bec="0" bev="0" fileid="1" />
                <SequencePoint vc="1" uspid="10" ordinal="3" offset="26" sl="35" sc="13" el="35" ec="73" bec="0" bev="0" fileid="1" />
                <SequencePoint vc="1" uspid="11" ordinal="4" offset="49" sl="36" sc="13" el="36" ec="68" bec="0" bev="0" fileid="1" />
                <SequencePoint vc="1" uspid="12" ordinal="5" offset="55" sl="37" sc="13" el="37" ec="87" bec="0" bev="0" fileid="1" />
                <SequencePoint vc="1" uspid="13" ordinal="6" offset="62" sl="38" sc="13" el="38" ec="35" bec="0" bev="0" fileid="1" />
                <SequencePoint vc="1" uspid="14" ordinal="7" offset="77" sl="39" sc="13" el="39" ec="48" bec="0" bev="0" fileid="1" />
                <SequencePoint vc="1" uspid="15" ordinal="8" offset="91" sl="40" sc="13" el="40" ec="46" bec="0" bev="0" fileid="1" />
                <SequencePoint vc="1" uspid="16" ordinal="9" offset="109" sl="41" sc="13" el="41" ec="122" bec="0" bev="0" fileid="1" />
                <SequencePoint vc="1" uspid="17" ordinal="10" offset="124" sl="42" sc="12" el="42" ec="93" bec="0" bev="0" fileid="1" />
                <SequencePoint vc="1" uspid="18" ordinal="11" offset="155" sl="43" sc="12" el="43" ec="42" bec="0" bev="0" fileid="1" />
                <SequencePoint vc="1" uspid="19" ordinal="12" offset="164" sl="44" sc="9" el="44" ec="10" bec="0" bev="0" fileid="1" />
              </SequencePoints>
              <BranchPoints />
              <MethodPoint vc="1" uspid="20" ordinal="0" offset="0" />
            </Method>
            <Method visited="true" cyclomaticComplexity="1" nPathComplexity="0" sequenceCoverage="100" branchCoverage="100" isConstructor="false" isStatic="false" isGetter="false" isSetter="false">
              <Summary numSequencePoints="16" visitedSequencePoints="16" numBranchPoints="1" visitedBranchPoints="1" sequenceCoverage="100" branchCoverage="100" maxCyclomaticComplexity="1" minCyclomaticComplexity="1" visitedClasses="0" numClasses="0" visitedMethods="1" numMethods="1" />
              <MetadataToken>100663299</MetadataToken>
              <Name>System.Void Test.TestProjServices::ProjectTestEditAction()</Name>
              <FileRef uid="1" />
              <SequencePoints>
                <SequencePoint vc="1" uspid="21" ordinal="0" offset="6" sl="48" sc="5" el="48" ec="6" bec="0" bev="0" fileid="1" />
                <SequencePoint vc="1" uspid="22" ordinal="1" offset="7" sl="49" sc="13" el="49" ec="41" bec="0" bev="0" fileid="1" />
                <SequencePoint vc="1" uspid="23" ordinal="2" offset="13" sl="50" sc="13" el="50" ec="44" bec="0" bev="0" fileid="1" />
                <SequencePoint vc="1" uspid="24" ordinal="3" offset="26" sl="51" sc="13" el="51" ec="73" bec="0" bev="0" fileid="1" />
                <SequencePoint vc="1" uspid="25" ordinal="4" offset="44" sl="52" sc="13" el="52" ec="68" bec="0" bev="0" fileid="1" />
                <SequencePoint vc="1" uspid="26" ordinal="5" offset="51" sl="53" sc="13" el="53" ec="87" bec="0" bev="0" fileid="1" />
                <SequencePoint vc="1" uspid="27" ordinal="6" offset="58" sl="54" sc="13" el="54" ec="35" bec="0" bev="0" fileid="1" />
                <SequencePoint vc="1" uspid="28" ordinal="7" offset="73" sl="55" sc="13" el="55" ec="48" bec="0" bev="0" fileid="1" />
                <SequencePoint vc="1" uspid="29" ordinal="8" offset="82" sl="56" sc="13" el="56" ec="46" bec="0" bev="0" fileid="1" />
                <SequencePoint vc="1" uspid="30" ordinal="9" offset="100" sl="57" sc="13" el="57" ec="122" bec="0" bev="0" fileid="1" />
                <SequencePoint vc="1" uspid="31" ordinal="10" offset="116" sl="59" sc="13" el="59" ec="62" bec="0" bev="0" fileid="1" />
                <SequencePoint vc="1" uspid="32" ordinal="11" offset="139" sl="60" sc="13" el="60" ec="50" bec="0" bev="0" fileid="1" />
                <SequencePoint vc="1" uspid="33" ordinal="12" offset="153" sl="61" sc="13" el="61" ec="118" bec="0" bev="0" fileid="1" />
                <SequencePoint vc="1" uspid="34" ordinal="13" offset="169" sl="62" sc="13" el="62" ec="93" bec="0" bev="0" fileid="1" />
                <SequencePoint vc="1" uspid="35" ordinal="14" offset="200" sl="63" sc="13" el="63" ec="43" bec="0" bev="0" fileid="1" />
                <SequencePoint vc="1" uspid="36" ordinal="15" offset="209" sl="65" sc="9" el="65" ec="10" bec="0" bev="0" fileid="1" />
              </SequencePoints>
              <BranchPoints />
              <MethodPoint vc="1" uspid="37" ordinal="0" offset="0" />
            </Method>
            <Method visited="true" cyclomaticComplexity="1" nPathComplexity="0" sequenceCoverage="0" branchCoverage="0" isConstructor="true" isStatic="false" isGetter="false" isSetter="false">
              <Summary numSequencePoints="0" visitedSequencePoints="0" numBranchPoints="0" visitedBranchPoints="0" sequenceCoverage="0" branchCoverage="0" maxCyclomaticComplexity="1" minCyclomaticComplexity="1" visitedClasses="0" numClasses="0" visitedMethods="0" numMethods="0" />
              <MetadataToken>100663300</MetadataToken>
              <Name>System.Void Test.TestProjServices::.ctor()</Name>
              <SequencePoints />
              <BranchPoints />
              <MethodPoint vc="1" uspid="38" ordinal="0" offset="0" />
            </Method>
          </Methods>
        </Class>
        <Class>
          <Summary numSequencePoints="1" visitedSequencePoints="1" numBranchPoints="1" visitedBranchPoints="1" sequenceCoverage="100" branchCoverage="100" maxCyclomaticComplexity="1" minCyclomaticComplexity="1" visitedClasses="1" numClasses="1" visitedMethods="1" numMethods="1" />
          <FullName>Test.TestProjServices/&lt;&gt;c__DisplayClass1_0</FullName>
          <Methods>
            <Method visited="true" cyclomaticComplexity="1" nPathComplexity="0" sequenceCoverage="0" branchCoverage="0" isConstructor="true" isStatic="false" isGetter="false" isSetter="false">
              <Summary numSequencePoints="0" visitedSequencePoints="0" numBranchPoints="0" visitedBranchPoints="0" sequenceCoverage="0" branchCoverage="0" maxCyclomaticComplexity="1" minCyclomaticComplexity="1" visitedClasses="0" numClasses="0" visitedMethods="0" numMethods="0" />
              <MetadataToken>100663321</MetadataToken>
              <Name>System.Void Test.TestProjServices/&lt;&gt;c__DisplayClass1_0::.ctor()</Name>
              <SequencePoints />
              <BranchPoints />
              <MethodPoint vc="1" uspid="39" ordinal="0" offset="0" />
            </Method>
            <Method visited="true" cyclomaticComplexity="1" nPathComplexity="0" sequenceCoverage="100" branchCoverage="100" isConstructor="false" isStatic="false" isGetter="false" isSetter="false">
              <Summary numSequencePoints="1" visitedSequencePoints="1" numBranchPoints="1" visitedBranchPoints="1" sequenceCoverage="100" branchCoverage="100" maxCyclomaticComplexity="1" minCyclomaticComplexity="1" visitedClasses="0" numClasses="0" visitedMethods="1" numMethods="1" />
              <MetadataToken>100663322</MetadataToken>
              <Name>System.Boolean Test.TestProjServices/&lt;&gt;c__DisplayClass1_0::&lt;ProjectTestCreateAction&gt;b__0(TaskManager.Entities.Project)</Name>
              <FileRef uid="1" />
              <SequencePoints>
                <SequencePoint vc="27" uspid="40" ordinal="0" offset="0" sl="42" sc="54" el="42" ec="83" bec="0" bev="0" fileid="1" />
              </SequencePoints>
              <BranchPoints />
              <MethodPoint xsi:type="SequencePoint" vc="27" uspid="40" ordinal="0" offset="0" sl="42" sc="54" el="42" ec="83" bec="0" bev="0" fileid="1" />
            </Method>
          </Methods>
        </Class>
        <Class>
          <Summary numSequencePoints="1" visitedSequencePoints="1" numBranchPoints="1" visitedBranchPoints="1" sequenceCoverage="100" branchCoverage="100" maxCyclomaticComplexity="1" minCyclomaticComplexity="1" visitedClasses="1" numClasses="1" visitedMethods="1" numMethods="1" />
          <FullName>Test.TestProjServices/&lt;&gt;c__DisplayClass2_0</FullName>
          <Methods>
            <Method visited="true" cyclomaticComplexity="1" nPathComplexity="0" sequenceCoverage="0" branchCoverage="0" isConstructor="true" isStatic="false" isGetter="false" isSetter="false">
              <Summary numSequencePoints="0" visitedSequencePoints="0" numBranchPoints="0" visitedBranchPoints="0" sequenceCoverage="0" branchCoverage="0" maxCyclomaticComplexity="1" minCyclomaticComplexity="1" visitedClasses="0" numClasses="0" visitedMethods="0" numMethods="0" />
              <MetadataToken>100663323</MetadataToken>
              <Name>System.Void Test.TestProjServices/&lt;&gt;c__DisplayClass2_0::.ctor()</Name>
              <SequencePoints />
              <BranchPoints />
              <MethodPoint vc="1" uspid="41" ordinal="0" offset="0" />
            </Method>
            <Method visited="true" cyclomaticComplexity="1" nPathComplexity="0" sequenceCoverage="100" branchCoverage="100" isConstructor="false" isStatic="false" isGetter="false" isSetter="false">
              <Summary numSequencePoints="1" visitedSequencePoints="1" numBranchPoints="1" visitedBranchPoints="1" sequenceCoverage="100" branchCoverage="100" maxCyclomaticComplexity="1" minCyclomaticComplexity="1" visitedClasses="0" numClasses="0" visitedMethods="1" numMethods="1" />
              <MetadataToken>100663324</MetadataToken>
              <Name>System.Boolean Test.TestProjServices/&lt;&gt;c__DisplayClass2_0::&lt;ProjectTestEditAction&gt;b__0(TaskManager.Entities.Project)</Name>
              <FileRef uid="1" />
              <SequencePoints>
                <SequencePoint vc="28" uspid="42" ordinal="0" offset="0" sl="62" sc="52" el="62" ec="83" bec="0" bev="0" fileid="1" />
              </SequencePoints>
              <BranchPoints />
              <MethodPoint xsi:type="SequencePoint" vc="28" uspid="42" ordinal="0" offset="0" sl="62" sc="52" el="62" ec="83" bec="0" bev="0" fileid="1" />
            </Method>
          </Methods>
        </Class>
        <Class>
          <Summary numSequencePoints="35" visitedSequencePoints="35" numBranchPoints="3" visitedBranchPoints="3" sequenceCoverage="100" branchCoverage="100" maxCyclomaticComplexity="1" minCyclomaticComplexity="1" visitedClasses="1" numClasses="1" visitedMethods="3" numMethods="3" />
          <FullName>Test.TestUserServices</FullName>
          <Methods>
            <Method visited="true" cyclomaticComplexity="1" nPathComplexity="0" sequenceCoverage="100" branchCoverage="100" isConstructor="false" isStatic="false" isGetter="false" isSetter="false">
              <Summary numSequencePoints="6" visitedSequencePoints="6" numBranchPoints="1" visitedBranchPoints="1" sequenceCoverage="100" branchCoverage="100" maxCyclomaticComplexity="1" minCyclomaticComplexity="1" visitedClasses="0" numClasses="0" visitedMethods="1" numMethods="1" />
              <MetadataToken>100663301</MetadataToken>
              <Name>System.Void Test.TestUserServices::UserControllerGetAllUsers()</Name>
              <FileRef uid="4" />
              <SequencePoints>
                <SequencePoint vc="1" uspid="43" ordinal="0" offset="0" sl="23" sc="9" el="23" ec="10" bec="0" bev="0" fileid="4" />
                <SequencePoint vc="1" uspid="44" ordinal="1" offset="1" sl="24" sc="13" el="24" ec="51" bec="0" bev="0" fileid="4" />
                <SequencePoint vc="1" uspid="45" ordinal="2" offset="7" sl="25" sc="13" el="25" ec="111" bec="0" bev="0" fileid="4" />
                <SequencePoint vc="1" uspid="46" ordinal="3" offset="19" sl="26" sc="13" el="26" ec="52" bec="0" bev="0" fileid="4" />
                <SequencePoint vc="1" uspid="47" ordinal="4" offset="31" sl="27" sc="13" el="27" ec="43" bec="0" bev="0" fileid="4" />
                <SequencePoint vc="1" uspid="48" ordinal="5" offset="39" sl="28" sc="9" el="28" ec="10" bec="0" bev="0" fileid="4" />
              </SequencePoints>
              <BranchPoints />
              <MethodPoint xsi:type="SequencePoint" vc="1" uspid="43" ordinal="0" offset="0" sl="23" sc="9" el="23" ec="10" bec="0" bev="0" fileid="4" />
            </Method>
            <Method visited="true" cyclomaticComplexity="1" nPathComplexity="0" sequenceCoverage="100" branchCoverage="100" isConstructor="false" isStatic="false" isGetter="false" isSetter="false">
              <Summary numSequencePoints="13" visitedSequencePoints="13" numBranchPoints="1" visitedBranchPoints="1" sequenceCoverage="100" branchCoverage="100" maxCyclomaticComplexity="1" minCyclomaticComplexity="1" visitedClasses="0" numClasses="0" visitedMethods="1" numMethods="1" />
              <MetadataToken>100663302</MetadataToken>
              <Name>System.Void Test.TestUserServices::UserTestCreateAction()</Name>
              <FileRef uid="4" />
              <SequencePoints>
                <SequencePoint vc="1" uspid="49" ordinal="0" offset="6" sl="34" sc="5" el="34" ec="6" bec="0" bev="0" fileid="4" />
                <SequencePoint vc="1" uspid="50" ordinal="1" offset="7" sl="35" sc="9" el="35" ec="37" bec="0" bev="0" fileid="4" />
                <SequencePoint vc="1" uspid="51" ordinal="2" offset="13" sl="36" sc="9" el="36" ec="40" bec="0" bev="0" fileid="4" />
                <SequencePoint vc="1" uspid="52" ordinal="3" offset="26" sl="37" sc="9" el="37" ec="63" bec="0" bev="0" fileid="4" />
                <SequencePoint vc="1" uspid="53" ordinal="4" offset="49" sl="38" sc="9" el="38" ec="58" bec="0" bev="0" fileid="4" />
                <SequencePoint vc="1" uspid="54" ordinal="5" offset="55" sl="39" sc="9" el="39" ec="74" bec="0" bev="0" fileid="4" />
                <SequencePoint vc="1" uspid="55" ordinal="6" offset="62" sl="40" sc="9" el="40" ec="36" bec="0" bev="0" fileid="4" />
                <SequencePoint vc="1" uspid="56" ordinal="7" offset="76" sl="41" sc="9" el="41" ec="29" bec="0" bev="0" fileid="4" />
                <SequencePoint vc="1" uspid="57" ordinal="8" offset="89" sl="42" sc="9" el="42" ec="37" bec="0" bev="0" fileid="4" />
                <SequencePoint vc="1" uspid="58" ordinal="9" offset="102" sl="43" sc="9" el="43" ec="112" bec="0" bev="0" fileid="4" />
                <SequencePoint vc="1" uspid="59" ordinal="10" offset="117" sl="44" sc="9" el="44" ec="84" bec="0" bev="0" fileid="4" />
                <SequencePoint vc="1" uspid="60" ordinal="11" offset="148" sl="45" sc="9" el="45" ec="39" bec="0" bev="0" fileid="4" />
                <SequencePoint vc="1" uspid="61" ordinal="12" offset="157" sl="47" sc="5" el="47" ec="6" bec="0" bev="0" fileid="4" />
              </SequencePoints>
              <BranchPoints />
              <MethodPoint vc="1" uspid="62" ordinal="0" offset="0" />
            </Method>
            <Method visited="true" cyclomaticComplexity="1" nPathComplexity="0" sequenceCoverage="100" branchCoverage="100" isConstructor="false" isStatic="false" isGetter="false" isSetter="false">
              <Summary numSequencePoints="16" visitedSequencePoints="16" numBranchPoints="1" visitedBranchPoints="1" sequenceCoverage="100" branchCoverage="100" maxCyclomaticComplexity="1" minCyclomaticComplexity="1" visitedClasses="0" numClasses="0" visitedMethods="1" numMethods="1" />
              <MetadataToken>100663303</MetadataToken>
              <Name>System.Void Test.TestUserServices::UserTestEditAction()</Name>
              <FileRef uid="4" />
              <SequencePoints>
                <SequencePoint vc="1" uspid="63" ordinal="0" offset="6" sl="51" sc="5" el="51" ec="6" bec="0" bev="0" fileid="4" />
                <SequencePoint vc="1" uspid="64" ordinal="1" offset="7" sl="52" sc="9" el="52" ec="37" bec="0" bev="0" fileid="4" />
                <SequencePoint vc="1" uspid="65" ordinal="2" offset="13" sl="53" sc="9" el="53" ec="40" bec="0" bev="0" fileid="4" />
                <SequencePoint vc="1" uspid="66" ordinal="3" offset="26" sl="55" sc="9" el="55" ec="63" bec="0" bev="0" fileid="4" />
                <SequencePoint vc="1" uspid="67" ordinal="4" offset="44" sl="56" sc="9" el="56" ec="58" bec="0" bev="0" fileid="4" />
                <SequencePoint vc="1" uspid="68" ordinal="5" offset="51" sl="57" sc="9" el="57" ec="74" bec="0" bev="0" fileid="4" />
                <SequencePoint vc="1" uspid="69" ordinal="6" offset="58" sl="58" sc="9" el="58" ec="36" bec="0" bev="0" fileid="4" />
                <SequencePoint vc="1" uspid="70" ordinal="7" offset="67" sl="59" sc="9" el="59" ec="29" bec="0" bev="0" fileid="4" />
                <SequencePoint vc="1" uspid="71" ordinal="8" offset="80" sl="60" sc="9" el="60" ec="37" bec="0" bev="0" fileid="4" />
                <SequencePoint vc="1" uspid="72" ordinal="9" offset="93" sl="62" sc="9" el="62" ec="112" bec="0" bev="0" fileid="4" />
                <SequencePoint vc="1" uspid="73" ordinal="10" offset="109" sl="63" sc="9" el="63" ec="50" bec="0" bev="0" fileid="4" />
                <SequencePoint vc="1" uspid="74" ordinal="11" offset="132" sl="64" sc="9" el="64" ec="38" bec="0" bev="0" fileid="4" />
                <SequencePoint vc="1" uspid="75" ordinal="12" offset="146" sl="65" sc="9" el="65" ec="108" bec="0" bev="0" fileid="4" />
                <SequencePoint vc="1" uspid="76" ordinal="13" offset="162" sl="66" sc="9" el="66" ec="84" bec="0" bev="0" fileid="4" />
                <SequencePoint vc="1" uspid="77" ordinal="14" offset="193" sl="68" sc="9" el="68" ec="39" bec="0" bev="0" fileid="4" />
                <SequencePoint vc="1" uspid="78" ordinal="15" offset="202" sl="70" sc="9" el="70" ec="10" bec="0" bev="0" fileid="4" />
              </SequencePoints>
              <BranchPoints />
              <MethodPoint vc="1" uspid="79" ordinal="0" offset="0" />
            </Method>
            <Method visited="true" cyclomaticComplexity="1" nPathComplexity="0" sequenceCoverage="0" branchCoverage="0" isConstructor="true" isStatic="false" isGetter="false" isSetter="false">
              <Summary numSequencePoints="0" visitedSequencePoints="0" numBranchPoints="0" visitedBranchPoints="0" sequenceCoverage="0" branchCoverage="0" maxCyclomaticComplexity="1" minCyclomaticComplexity="1" visitedClasses="0" numClasses="0" visitedMethods="0" numMethods="0" />
              <MetadataToken>100663304</MetadataToken>
              <Name>System.Void Test.TestUserServices::.ctor()</Name>
              <SequencePoints />
              <BranchPoints />
              <MethodPoint vc="1" uspid="80" ordinal="0" offset="0" />
            </Method>
          </Methods>
        </Class>
        <Class>
          <Summary numSequencePoints="1" visitedSequencePoints="1" numBranchPoints="1" visitedBranchPoints="1" sequenceCoverage="100" branchCoverage="100" maxCyclomaticComplexity="1" minCyclomaticComplexity="1" visitedClasses="1" numClasses="1" visitedMethods="1" numMethods="1" />
          <FullName>Test.TestUserServices/&lt;&gt;c__DisplayClass1_0</FullName>
          <Methods>
            <Method visited="true" cyclomaticComplexity="1" nPathComplexity="0" sequenceCoverage="0" branchCoverage="0" isConstructor="true" isStatic="false" isGetter="false" isSetter="false">
              <Summary numSequencePoints="0" visitedSequencePoints="0" numBranchPoints="0" visitedBranchPoints="0" sequenceCoverage="0" branchCoverage="0" maxCyclomaticComplexity="1" minCyclomaticComplexity="1" visitedClasses="0" numClasses="0" visitedMethods="0" numMethods="0" />
              <MetadataToken>100663325</MetadataToken>
              <Name>System.Void Test.TestUserServices/&lt;&gt;c__DisplayClass1_0::.ctor()</Name>
              <SequencePoints />
              <BranchPoints />
              <MethodPoint vc="1" uspid="81" ordinal="0" offset="0" />
            </Method>
            <Method visited="true" cyclomaticComplexity="1" nPathComplexity="0" sequenceCoverage="100" branchCoverage="100" isConstructor="false" isStatic="false" isGetter="false" isSetter="false">
              <Summary numSequencePoints="1" visitedSequencePoints="1" numBranchPoints="1" visitedBranchPoints="1" sequenceCoverage="100" branchCoverage="100" maxCyclomaticComplexity="1" minCyclomaticComplexity="1" visitedClasses="0" numClasses="0" visitedMethods="1" numMethods="1" />
              <MetadataToken>100663326</MetadataToken>
              <Name>System.Boolean Test.TestUserServices/&lt;&gt;c__DisplayClass1_0::&lt;UserTestCreateAction&gt;b__0(TaskManager.Entities.User)</Name>
              <FileRef uid="4" />
              <SequencePoints>
                <SequencePoint vc="26" uspid="82" ordinal="0" offset="0" sl="44" sc="50" el="44" ec="74" bec="0" bev="0" fileid="4" />
              </SequencePoints>
              <BranchPoints />
              <MethodPoint xsi:type="SequencePoint" vc="26" uspid="82" ordinal="0" offset="0" sl="44" sc="50" el="44" ec="74" bec="0" bev="0" fileid="4" />
            </Method>
          </Methods>
        </Class>
        <Class>
          <Summary numSequencePoints="1" visitedSequencePoints="1" numBranchPoints="1" visitedBranchPoints="1" sequenceCoverage="100" branchCoverage="100" maxCyclomaticComplexity="1" minCyclomaticComplexity="1" visitedClasses="1" numClasses="1" visitedMethods="1" numMethods="1" />
          <FullName>Test.TestUserServices/&lt;&gt;c__DisplayClass2_0</FullName>
          <Methods>
            <Method visited="true" cyclomaticComplexity="1" nPathComplexity="0" sequenceCoverage="0" branchCoverage="0" isConstructor="true" isStatic="false" isGetter="false" isSetter="false">
              <Summary numSequencePoints="0" visitedSequencePoints="0" numBranchPoints="0" visitedBranchPoints="0" sequenceCoverage="0" branchCoverage="0" maxCyclomaticComplexity="1" minCyclomaticComplexity="1" visitedClasses="0" numClasses="0" visitedMethods="0" numMethods="0" />
              <MetadataToken>100663327</MetadataToken>
              <Name>System.Void Test.TestUserServices/&lt;&gt;c__DisplayClass2_0::.ctor()</Name>
              <SequencePoints />
              <BranchPoints />
              <MethodPoint vc="1" uspid="83" ordinal="0" offset="0" />
            </Method>
            <Method visited="true" cyclomaticComplexity="1" nPathComplexity="0" sequenceCoverage="100" branchCoverage="100" isConstructor="false" isStatic="false" isGetter="false" isSetter="false">
              <Summary numSequencePoints="1" visitedSequencePoints="1" numBranchPoints="1" visitedBranchPoints="1" sequenceCoverage="100" branchCoverage="100" maxCyclomaticComplexity="1" minCyclomaticComplexity="1" visitedClasses="0" numClasses="0" visitedMethods="1" numMethods="1" />
              <MetadataToken>100663328</MetadataToken>
              <Name>System.Boolean Test.TestUserServices/&lt;&gt;c__DisplayClass2_0::&lt;UserTestEditAction&gt;b__0(TaskManager.Entities.User)</Name>
              <FileRef uid="4" />
              <SequencePoints>
                <SequencePoint vc="27" uspid="84" ordinal="0" offset="0" sl="66" sc="48" el="66" ec="74" bec="0" bev="0" fileid="4" />
              </SequencePoints>
              <BranchPoints />
              <MethodPoint xsi:type="SequencePoint" vc="27" uspid="84" ordinal="0" offset="0" sl="66" sc="48" el="66" ec="74" bec="0" bev="0" fileid="4" />
            </Method>
          </Methods>
        </Class>
        <Class>
          <Summary numSequencePoints="28" visitedSequencePoints="28" numBranchPoints="3" visitedBranchPoints="3" sequenceCoverage="100" branchCoverage="100" maxCyclomaticComplexity="1" minCyclomaticComplexity="1" visitedClasses="1" numClasses="1" visitedMethods="3" numMethods="3" />
          <FullName>Test.TestUserBL</FullName>
          <Methods>
            <Method visited="true" cyclomaticComplexity="1" nPathComplexity="0" sequenceCoverage="100" branchCoverage="100" isConstructor="false" isStatic="false" isGetter="false" isSetter="false">
              <Summary numSequencePoints="5" visitedSequencePoints="5" numBranchPoints="1" visitedBranchPoints="1" sequenceCoverage="100" branchCoverage="100" maxCyclomaticComplexity="1" minCyclomaticComplexity="1" visitedClasses="0" numClasses="0" visitedMethods="1" numMethods="1" />
              <MetadataToken>100663305</MetadataToken>
              <Name>System.Void Test.TestUserBL::TestGetAllUsers()</Name>
              <FileRef uid="7" />
              <SequencePoints>
                <SequencePoint vc="1" uspid="85" ordinal="0" offset="0" sl="23" sc="9" el="23" ec="10" bec="0" bev="0" fileid="7" />
                <SequencePoint vc="1" uspid="86" ordinal="1" offset="1" sl="25" sc="13" el="25" ec="63" bec="0" bev="0" fileid="7" />
                <SequencePoint vc="1" uspid="87" ordinal="2" offset="7" sl="26" sc="13" el="26" ec="48" bec="0" bev="0" fileid="7" />
                <SequencePoint vc="1" uspid="88" ordinal="3" offset="19" sl="27" sc="13" el="27" ec="38" bec="0" bev="0" fileid="7" />
                <SequencePoint vc="1" uspid="89" ordinal="4" offset="27" sl="29" sc="9" el="29" ec="10" bec="0" bev="0" fileid="7" />
              </SequencePoints>
              <BranchPoints />
              <MethodPoint xsi:type="SequencePoint" vc="1" uspid="85" ordinal="0" offset="0" sl="23" sc="9" el="23" ec="10" bec="0" bev="0" fileid="7" />
            </Method>
            <Method visited="true" cyclomaticComplexity="1" nPathComplexity="0" sequenceCoverage="100" branchCoverage="100" isConstructor="false" isStatic="false" isGetter="false" isSetter="false">
              <Summary numSequencePoints="9" visitedSequencePoints="9" numBranchPoints="1" visitedBranchPoints="1" sequenceCoverage="100" branchCoverage="100" maxCyclomaticComplexity="1" minCyclomaticComplexity="1" visitedClasses="0" numClasses="0" visitedMethods="1" numMethods="1" />
              <MetadataToken>100663306</MetadataToken>
              <Name>System.Void Test.TestUserBL::TestAddUser()</Name>
              <FileRef uid="7" />
              <SequencePoints>
                <SequencePoint vc="1" uspid="90" ordinal="0" offset="0" sl="33" sc="9" el="33" ec="10" bec="0" bev="0" fileid="7" />
                <SequencePoint vc="1" uspid="91" ordinal="1" offset="1" sl="34" sc="13" el="34" ec="41" bec="0" bev="0" fileid="7" />
                <SequencePoint vc="1" uspid="92" ordinal="2" offset="7" sl="35" sc="13" el="35" ec="45" bec="0" bev="0" fileid="7" />
                <SequencePoint vc="1" uspid="93" ordinal="3" offset="20" sl="36" sc="13" el="36" ec="64" bec="0" bev="0" fileid="7" />
                <SequencePoint vc="1" uspid="94" ordinal="4" offset="38" sl="37" sc="13" el="37" ec="63" bec="0" bev="0" fileid="7" />
                <SequencePoint vc="1" uspid="95" ordinal="5" offset="44" sl="39" sc="13" el="46" ec="16" bec="0" bev="0" fileid="7" />
                <SequencePoint vc="1" uspid="96" ordinal="6" offset="88" sl="48" sc="13" el="48" ec="72" bec="0" bev="0" fileid="7" />
                <SequencePoint vc="1" uspid="97" ordinal="7" offset="97" sl="49" sc="13" el="49" ec="53" bec="0" bev="0" fileid="7" />
                <SequencePoint vc="1" uspid="98" ordinal="8" offset="111" sl="51" sc="9" el="51" ec="10" bec="0" bev="0" fileid="7" />
              </SequencePoints>
              <BranchPoints />
              <MethodPoint xsi:type="SequencePoint" vc="1" uspid="90" ordinal="0" offset="0" sl="33" sc="9" el="33" ec="10" bec="0" bev="0" fileid="7" />
            </Method>
            <Method visited="true" cyclomaticComplexity="1" nPathComplexity="0" sequenceCoverage="100" branchCoverage="100" isConstructor="false" isStatic="false" isGetter="false" isSetter="false">
              <Summary numSequencePoints="14" visitedSequencePoints="14" numBranchPoints="1" visitedBranchPoints="1" sequenceCoverage="100" branchCoverage="100" maxCyclomaticComplexity="1" minCyclomaticComplexity="1" visitedClasses="0" numClasses="0" visitedMethods="1" numMethods="1" />
              <MetadataToken>100663307</MetadataToken>
              <Name>System.Void Test.TestUserBL::TestUpdUser()</Name>
              <FileRef uid="7" />
              <SequencePoints>
                <SequencePoint vc="1" uspid="99" ordinal="0" offset="0" sl="55" sc="9" el="55" ec="10" bec="0" bev="0" fileid="7" />
                <SequencePoint vc="1" uspid="100" ordinal="1" offset="1" sl="56" sc="13" el="56" ec="41" bec="0" bev="0" fileid="7" />
                <SequencePoint vc="1" uspid="101" ordinal="2" offset="7" sl="57" sc="13" el="57" ec="45" bec="0" bev="0" fileid="7" />
                <SequencePoint vc="1" uspid="102" ordinal="3" offset="20" sl="58" sc="13" el="58" ec="65" bec="0" bev="0" fileid="7" />
                <SequencePoint vc="1" uspid="103" ordinal="4" offset="38" sl="59" sc="13" el="59" ec="63" bec="0" bev="0" fileid="7" />
                <SequencePoint vc="1" uspid="104" ordinal="5" offset="44" sl="60" sc="13" el="68" ec="16" bec="0" bev="0" fileid="7" />
                <SequencePoint vc="1" uspid="105" ordinal="6" offset="88" sl="70" sc="13" el="70" ec="73" bec="0" bev="0" fileid="7" />
                <SequencePoint vc="1" uspid="106" ordinal="7" offset="97" sl="71" sc="13" el="71" ec="50" bec="0" bev="0" fileid="7" />
                <SequencePoint vc="1" uspid="107" ordinal="8" offset="110" sl="72" sc="13" el="72" ec="41" bec="0" bev="0" fileid="7" />
                <SequencePoint vc="1" uspid="108" ordinal="9" offset="120" sl="73" sc="15" el="73" ec="34" bec="0" bev="0" fileid="7" />
                <SequencePoint vc="1" uspid="109" ordinal="10" offset="129" sl="73" sc="35" el="73" ec="36" bec="0" bev="0" fileid="7" />
                <SequencePoint vc="1" uspid="110" ordinal="11" offset="130" sl="75" sc="13" el="75" ec="76" bec="0" bev="0" fileid="7" />
                <SequencePoint vc="1" uspid="111" ordinal="12" offset="140" sl="76" sc="13" el="76" ec="57" bec="0" bev="0" fileid="7" />
                <SequencePoint vc="1" uspid="112" ordinal="13" offset="160" sl="78" sc="9" el="78" ec="10" bec="0" bev="0" fileid="7" />
              </SequencePoints>
              <BranchPoints />
              <MethodPoint xsi:type="SequencePoint" vc="1" uspid="99" ordinal="0" offset="0" sl="55" sc="9" el="55" ec="10" bec="0" bev="0" fileid="7" />
            </Method>
            <Method visited="true" cyclomaticComplexity="1" nPathComplexity="0" sequenceCoverage="0" branchCoverage="0" isConstructor="true" isStatic="false" isGetter="false" isSetter="false">
              <Summary numSequencePoints="0" visitedSequencePoints="0" numBranchPoints="0" visitedBranchPoints="0" sequenceCoverage="0" branchCoverage="0" maxCyclomaticComplexity="1" minCyclomaticComplexity="1" visitedClasses="0" numClasses="0" visitedMethods="0" numMethods="0" />
              <MetadataToken>100663308</MetadataToken>
              <Name>System.Void Test.TestUserBL::.ctor()</Name>
              <SequencePoints />
              <BranchPoints />
              <MethodPoint vc="1" uspid="113" ordinal="0" offset="0" />
            </Method>
          </Methods>
        </Class>
        <Class>
          <Summary numSequencePoints="27" visitedSequencePoints="27" numBranchPoints="3" visitedBranchPoints="3" sequenceCoverage="100" branchCoverage="100" maxCyclomaticComplexity="1" minCyclomaticComplexity="1" visitedClasses="1" numClasses="1" visitedMethods="3" numMethods="3" />
          <FullName>Test.TestProjectBL</FullName>
          <Methods>
            <Method visited="true" cyclomaticComplexity="1" nPathComplexity="0" sequenceCoverage="100" branchCoverage="100" isConstructor="false" isStatic="false" isGetter="false" isSetter="false">
              <Summary numSequencePoints="5" visitedSequencePoints="5" numBranchPoints="1" visitedBranchPoints="1" sequenceCoverage="100" branchCoverage="100" maxCyclomaticComplexity="1" minCyclomaticComplexity="1" visitedClasses="0" numClasses="0" visitedMethods="1" numMethods="1" />
              <MetadataToken>100663309</MetadataToken>
              <Name>System.Void Test.TestProjectBL::TestGetAllProjects()</Name>
              <FileRef uid="8" />
              <SequencePoints>
                <SequencePoint vc="1" uspid="114" ordinal="0" offset="0" sl="23" sc="9" el="23" ec="10" bec="0" bev="0" fileid="8" />
                <SequencePoint vc="1" uspid="115" ordinal="1" offset="1" sl="24" sc="13" el="24" ec="69" bec="0" bev="0" fileid="8" />
                <SequencePoint vc="1" uspid="116" ordinal="2" offset="7" sl="25" sc="13" el="25" ec="52" bec="0" bev="0" fileid="8" />
                <SequencePoint vc="1" uspid="117" ordinal="3" offset="19" sl="26" sc="13" el="26" ec="38" bec="0" bev="0" fileid="8" />
                <SequencePoint vc="1" uspid="118" ordinal="4" offset="27" sl="27" sc="9" el="27" ec="10" bec="0" bev="0" fileid="8" />
              </SequencePoints>
              <BranchPoints />
              <MethodPoint xsi:type="SequencePoint" vc="1" uspid="114" ordinal="0" offset="0" sl="23" sc="9" el="23" ec="10" bec="0" bev="0" fileid="8" />
            </Method>
            <Method visited="true" cyclomaticComplexity="1" nPathComplexity="0" sequenceCoverage="100" branchCoverage="100" isConstructor="false" isStatic="false" isGetter="false" isSetter="false">
              <Summary numSequencePoints="9" visitedSequencePoints="9" numBranchPoints="1" visitedBranchPoints="1" sequenceCoverage="100" branchCoverage="100" maxCyclomaticComplexity="1" minCyclomaticComplexity="1" visitedClasses="0" numClasses="0" visitedMethods="1" numMethods="1" />
              <MetadataToken>100663310</MetadataToken>
              <Name>System.Void Test.TestProjectBL::TestAddProject()</Name>
              <FileRef uid="8" />
              <SequencePoints>
                <SequencePoint vc="1" uspid="119" ordinal="0" offset="0" sl="31" sc="9" el="31" ec="10" bec="0" bev="0" fileid="8" />
                <SequencePoint vc="1" uspid="120" ordinal="1" offset="1" sl="32" sc="13" el="32" ec="41" bec="0" bev="0" fileid="8" />
                <SequencePoint vc="1" uspid="121" ordinal="2" offset="7" sl="33" sc="13" el="33" ec="45" bec="0" bev="0" fileid="8" />
                <SequencePoint vc="1" uspid="122" ordinal="3" offset="20" sl="34" sc="13" el="34" ec="68" bec="0" bev="0" fileid="8" />
                <SequencePoint vc="1" uspid="123" ordinal="4" offset="38" sl="35" sc="13" el="35" ec="69" bec="0" bev="0" fileid="8" />
                <SequencePoint vc="1" uspid="124" ordinal="5" offset="44" sl="36" sc="13" el="45" ec="16" bec="0" bev="0" fileid="8" />
                <SequencePoint vc="1" uspid="125" ordinal="6" offset="112" sl="47" sc="13" el="47" ec="81" bec="0" bev="0" fileid="8" />
                <SequencePoint vc="1" uspid="126" ordinal="7" offset="121" sl="48" sc="13" el="48" ec="58" bec="0" bev="0" fileid="8" />
                <SequencePoint vc="1" uspid="127" ordinal="8" offset="135" sl="50" sc="9" el="50" ec="10" bec="0" bev="0" fileid="8" />
              </SequencePoints>
              <BranchPoints />
              <MethodPoint xsi:type="SequencePoint" vc="1" uspid="119" ordinal="0" offset="0" sl="31" sc="9" el="31" ec="10" bec="0" bev="0" fileid="8" />
            </Method>
            <Method visited="true" cyclomaticComplexity="1" nPathComplexity="0" sequenceCoverage="100" branchCoverage="100" isConstructor="false" isStatic="false" isGetter="false" isSetter="false">
              <Summary numSequencePoints="13" visitedSequencePoints="13" numBranchPoints="1" visitedBranchPoints="1" sequenceCoverage="100" branchCoverage="100" maxCyclomaticComplexity="1" minCyclomaticComplexity="1" visitedClasses="0" numClasses="0" visitedMethods="1" numMethods="1" />
              <MetadataToken>100663311</MetadataToken>
              <Name>System.Void Test.TestProjectBL::TestUpdProject()</Name>
              <FileRef uid="8" />
              <SequencePoints>
                <SequencePoint vc="1" uspid="128" ordinal="0" offset="0" sl="55" sc="5" el="55" ec="6" bec="0" bev="0" fileid="8" />
                <SequencePoint vc="1" uspid="129" ordinal="1" offset="1" sl="56" sc="9" el="56" ec="37" bec="0" bev="0" fileid="8" />
                <SequencePoint vc="1" uspid="130" ordinal="2" offset="7" sl="57" sc="9" el="57" ec="41" bec="0" bev="0" fileid="8" />
                <SequencePoint vc="1" uspid="131" ordinal="3" offset="20" sl="58" sc="9" el="58" ec="70" bec="0" bev="0" fileid="8" />
                <SequencePoint vc="1" uspid="132" ordinal="4" offset="38" sl="59" sc="9" el="59" ec="65" bec="0" bev="0" fileid="8" />
                <SequencePoint vc="1" uspid="133" ordinal="5" offset="44" sl="60" sc="9" el="67" ec="12" bec="0" bev="0" fileid="8" />
                <SequencePoint vc="1" uspid="134" ordinal="6" offset="112" sl="69" sc="9" el="69" ec="78" bec="0" bev="0" fileid="8" />
                <SequencePoint vc="1" uspid="135" ordinal="7" offset="121" sl="70" sc="9" el="70" ec="54" bec="0" bev="0" fileid="8" />
                <SequencePoint vc="1" uspid="136" ordinal="8" offset="134" sl="71" sc="9" el="71" ec="42" bec="0" bev="0" fileid="8" />
                <SequencePoint vc="1" uspid="137" ordinal="9" offset="144" sl="72" sc="9" el="72" ec="31" bec="0" bev="0" fileid="8" />
                <SequencePoint vc="1" uspid="138" ordinal="10" offset="153" sl="73" sc="9" el="73" ec="81" bec="0" bev="0" fileid="8" />
                <SequencePoint vc="1" uspid="139" ordinal="11" offset="163" sl="74" sc="9" el="74" ec="57" bec="0" bev="0" fileid="8" />
                <SequencePoint vc="1" uspid="140" ordinal="12" offset="183" sl="76" sc="5" el="76" ec="6" bec="0" bev="0" fileid="8" />
              </SequencePoints>
              <BranchPoints />
              <MethodPoint xsi:type="SequencePoint" vc="1" uspid="128" ordinal="0" offset="0" sl="55" sc="5" el="55" ec="6" bec="0" bev="0" fileid="8" />
            </Method>
            <Method visited="true" cyclomaticComplexity="1" nPathComplexity="0" sequenceCoverage="0" branchCoverage="0" isConstructor="true" isStatic="false" isGetter="false" isSetter="false">
              <Summary numSequencePoints="0" visitedSequencePoints="0" numBranchPoints="0" visitedBranchPoints="0" sequenceCoverage="0" branchCoverage="0" maxCyclomaticComplexity="1" minCyclomaticComplexity="1" visitedClasses="0" numClasses="0" visitedMethods="0" numMethods="0" />
              <MetadataToken>100663312</MetadataToken>
              <Name>System.Void Test.TestProjectBL::.ctor()</Name>
              <SequencePoints />
              <BranchPoints />
              <MethodPoint vc="1" uspid="141" ordinal="0" offset="0" />
            </Method>
          </Methods>
        </Class>
        <Class>
          <Summary numSequencePoints="28" visitedSequencePoints="28" numBranchPoints="3" visitedBranchPoints="3" sequenceCoverage="100" branchCoverage="100" maxCyclomaticComplexity="1" minCyclomaticComplexity="1" visitedClasses="1" numClasses="1" visitedMethods="3" numMethods="3" />
          <FullName>Test.TestTaskBL</FullName>
          <Methods>
            <Method visited="true" cyclomaticComplexity="1" nPathComplexity="0" sequenceCoverage="100" branchCoverage="100" isConstructor="false" isStatic="false" isGetter="false" isSetter="false">
              <Summary numSequencePoints="5" visitedSequencePoints="5" numBranchPoints="1" visitedBranchPoints="1" sequenceCoverage="100" branchCoverage="100" maxCyclomaticComplexity="1" minCyclomaticComplexity="1" visitedClasses="0" numClasses="0" visitedMethods="1" numMethods="1" />
              <MetadataToken>100663313</MetadataToken>
              <Name>System.Void Test.TestTaskBL::TestGetAlltasks()</Name>
              <FileRef uid="9" />
              <SequencePoints>
                <SequencePoint vc="1" uspid="142" ordinal="0" offset="0" sl="23" sc="9" el="23" ec="10" bec="0" bev="0" fileid="9" />
                <SequencePoint vc="1" uspid="143" ordinal="1" offset="1" sl="25" sc="13" el="25" ec="63" bec="0" bev="0" fileid="9" />
                <SequencePoint vc="1" uspid="144" ordinal="2" offset="7" sl="26" sc="13" el="26" ec="48" bec="0" bev="0" fileid="9" />
                <SequencePoint vc="1" uspid="145" ordinal="3" offset="19" sl="27" sc="13" el="27" ec="38" bec="0" bev="0" fileid="9" />
                <SequencePoint vc="1" uspid="146" ordinal="4" offset="27" sl="28" sc="9" el="28" ec="10" bec="0" bev="0" fileid="9" />
              </SequencePoints>
              <BranchPoints />
              <MethodPoint xsi:type="SequencePoint" vc="1" uspid="142" ordinal="0" offset="0" sl="23" sc="9" el="23" ec="10" bec="0" bev="0" fileid="9" />
            </Method>
            <Method visited="true" cyclomaticComplexity="1" nPathComplexity="0" sequenceCoverage="100" branchCoverage="100" isConstructor="false" isStatic="false" isGetter="false" isSetter="false">
              <Summary numSequencePoints="9" visitedSequencePoints="9" numBranchPoints="1" visitedBranchPoints="1" sequenceCoverage="100" branchCoverage="100" maxCyclomaticComplexity="1" minCyclomaticComplexity="1" visitedClasses="0" numClasses="0" visitedMethods="1" numMethods="1" />
              <MetadataToken>100663314</MetadataToken>
              <Name>System.Void Test.TestTaskBL::TestAddTask()</Name>
              <FileRef uid="9" />
              <SequencePoints>
                <SequencePoint vc="1" uspid="147" ordinal="0" offset="0" sl="32" sc="9" el="32" ec="10" bec="0" bev="0" fileid="9" />
                <SequencePoint vc="1" uspid="148" ordinal="1" offset="1" sl="33" sc="13" el="33" ec="41" bec="0" bev="0" fileid="9" />
                <SequencePoint vc="1" uspid="149" ordinal="2" offset="7" sl="34" sc="13" el="34" ec="45" bec="0" bev="0" fileid="9" />
                <SequencePoint vc="1" uspid="150" ordinal="3" offset="20" sl="35" sc="13" el="35" ec="63" bec="0" bev="0" fileid="9" />
                <SequencePoint vc="1" uspid="151" ordinal="4" offset="38" sl="36" sc="13" el="36" ec="63" bec="0" bev="0" fileid="9" />
                <SequencePoint vc="1" uspid="152" ordinal="5" offset="44" sl="38" sc="13" el="47" ec="16" bec="0" bev="0" fileid="9" />
                <SequencePoint vc="1" uspid="153" ordinal="6" offset="112" sl="48" sc="13" el="48" ec="72" bec="0" bev="0" fileid="9" />
                <SequencePoint vc="1" uspid="154" ordinal="7" offset="121" sl="49" sc="13" el="49" ec="52" bec="0" bev="0" fileid="9" />
                <SequencePoint vc="1" uspid="155" ordinal="8" offset="135" sl="50" sc="9" el="50" ec="10" bec="0" bev="0" fileid="9" />
              </SequencePoints>
              <BranchPoints />
              <MethodPoint xsi:type="SequencePoint" vc="1" uspid="147" ordinal="0" offset="0" sl="32" sc="9" el="32" ec="10" bec="0" bev="0" fileid="9" />
            </Method>
            <Method visited="true" cyclomaticComplexity="1" nPathComplexity="0" sequenceCoverage="100" branchCoverage="100" isConstructor="false" isStatic="false" isGetter="false" isSetter="false">
              <Summary numSequencePoints="14" visitedSequencePoints="14" numBranchPoints="1" visitedBranchPoints="1" sequenceCoverage="100" branchCoverage="100" maxCyclomaticComplexity="1" minCyclomaticComplexity="1" visitedClasses="0" numClasses="0" visitedMethods="1" numMethods="1" />
              <MetadataToken>100663315</MetadataToken>
              <Name>System.Void Test.TestTaskBL::TestUpdTask()</Name>
              <FileRef uid="9" />
              <SequencePoints>
                <SequencePoint vc="1" uspid="156" ordinal="0" offset="0" sl="55" sc="9" el="55" ec="10" bec="0" bev="0" fileid="9" />
                <SequencePoint vc="1" uspid="157" ordinal="1" offset="1" sl="56" sc="13" el="56" ec="41" bec="0" bev="0" fileid="9" />
                <SequencePoint vc="1" uspid="158" ordinal="2" offset="7" sl="57" sc="13" el="57" ec="45" bec="0" bev="0" fileid="9" />
                <SequencePoint vc="1" uspid="159" ordinal="3" offset="20" sl="58" sc="13" el="58" ec="64" bec="0" bev="0" fileid="9" />
                <SequencePoint vc="1" uspid="160" ordinal="4" offset="38" sl="59" sc="13" el="59" ec="63" bec="0" bev="0" fileid="9" />
                <SequencePoint vc="1" uspid="161" ordinal="5" offset="44" sl="60" sc="13" el="67" ec="16" bec="0" bev="0" fileid="9" />
                <SequencePoint vc="1" uspid="162" ordinal="6" offset="112" sl="69" sc="13" el="69" ec="73" bec="0" bev="0" fileid="9" />
                <SequencePoint vc="1" uspid="163" ordinal="7" offset="121" sl="70" sc="13" el="70" ec="52" bec="0" bev="0" fileid="9" />
                <SequencePoint vc="1" uspid="164" ordinal="8" offset="134" sl="71" sc="13" el="71" ec="40" bec="0" bev="0" fileid="9" />
                <SequencePoint vc="1" uspid="165" ordinal="9" offset="144" sl="72" sc="13" el="72" ec="32" bec="0" bev="0" fileid="9" />
                <SequencePoint vc="1" uspid="166" ordinal="10" offset="153" sl="72" sc="33" el="72" ec="34" bec="0" bev="0" fileid="9" />
                <SequencePoint vc="1" uspid="167" ordinal="11" offset="154" sl="74" sc="13" el="74" ec="76" bec="0" bev="0" fileid="9" />
                <SequencePoint vc="1" uspid="168" ordinal="12" offset="164" sl="75" sc="13" el="75" ec="55" bec="0" bev="0" fileid="9" />
                <SequencePoint vc="1" uspid="169" ordinal="13" offset="184" sl="77" sc="9" el="77" ec="10" bec="0" bev="0" fileid="9" />
              </SequencePoints>
              <BranchPoints />
              <MethodPoint xsi:type="SequencePoint" vc="1" uspid="156" ordinal="0" offset="0" sl="55" sc="9" el="55" ec="10" bec="0" bev="0" fileid="9" />
            </Method>
            <Method visited="true" cyclomaticComplexity="1" nPathComplexity="0" sequenceCoverage="0" branchCoverage="0" isConstructor="true" isStatic="false" isGetter="false" isSetter="false">
              <Summary numSequencePoints="0" visitedSequencePoints="0" numBranchPoints="0" visitedBranchPoints="0" sequenceCoverage="0" branchCoverage="0" maxCyclomaticComplexity="1" minCyclomaticComplexity="1" visitedClasses="0" numClasses="0" visitedMethods="0" numMethods="0" />
              <MetadataToken>100663316</MetadataToken>
              <Name>System.Void Test.TestTaskBL::.ctor()</Name>
              <SequencePoints />
              <BranchPoints />
              <MethodPoint vc="1" uspid="170" ordinal="0" offset="0" />
            </Method>
          </Methods>
        </Class>
        <Class>
          <Summary numSequencePoints="31" visitedSequencePoints="31" numBranchPoints="3" visitedBranchPoints="3" sequenceCoverage="100" branchCoverage="100" maxCyclomaticComplexity="1" minCyclomaticComplexity="1" visitedClasses="1" numClasses="1" visitedMethods="3" numMethods="3" />
          <FullName>Test.TestTaskServices</FullName>
          <Methods>
            <Method visited="true" cyclomaticComplexity="1" nPathComplexity="0" sequenceCoverage="100" branchCoverage="100" isConstructor="false" isStatic="false" isGetter="false" isSetter="false">
              <Summary numSequencePoints="6" visitedSequencePoints="6" numBranchPoints="1" visitedBranchPoints="1" sequenceCoverage="100" branchCoverage="100" maxCyclomaticComplexity="1" minCyclomaticComplexity="1" visitedClasses="0" numClasses="0" visitedMethods="1" numMethods="1" />
              <MetadataToken>100663317</MetadataToken>
              <Name>System.Void Test.TestTaskServices::TaskControllerGetAllTasks()</Name>
              <FileRef uid="10" />
              <SequencePoints>
                <SequencePoint vc="1" uspid="171" ordinal="0" offset="0" sl="23" sc="9" el="23" ec="10" bec="0" bev="0" fileid="10" />
                <SequencePoint vc="1" uspid="172" ordinal="1" offset="1" sl="24" sc="13" el="24" ec="51" bec="0" bev="0" fileid="10" />
                <SequencePoint vc="1" uspid="173" ordinal="2" offset="7" sl="25" sc="13" el="25" ec="108" bec="0" bev="0" fileid="10" />
                <SequencePoint vc="1" uspid="174" ordinal="3" offset="19" sl="26" sc="13" el="26" ec="49" bec="0" bev="0" fileid="10" />
                <SequencePoint vc="1" uspid="175" ordinal="4" offset="31" sl="27" sc="13" el="27" ec="43" bec="0" bev="0" fileid="10" />
                <SequencePoint vc="1" uspid="176" ordinal="5" offset="39" sl="29" sc="9" el="29" ec="10" bec="0" bev="0" fileid="10" />
              </SequencePoints>
              <BranchPoints />
              <MethodPoint xsi:type="SequencePoint" vc="1" uspid="171" ordinal="0" offset="0" sl="23" sc="9" el="23" ec="10" bec="0" bev="0" fileid="10" />
            </Method>
            <Method visited="true" cyclomaticComplexity="1" nPathComplexity="0" sequenceCoverage="100" branchCoverage="100" isConstructor="false" isStatic="false" isGetter="false" isSetter="false">
              <Summary numSequencePoints="12" visitedSequencePoints="12" numBranchPoints="1" visitedBranchPoints="1" sequenceCoverage="100" branchCoverage="100" maxCyclomaticComplexity="1" minCyclomaticComplexity="1" visitedClasses="0" numClasses="0" visitedMethods="1" numMethods="1" />
              <MetadataToken>100663318</MetadataToken>
              <Name>System.Void Test.TestTaskServices::TaskTestCreateAction()</Name>
              <FileRef uid="10" />
              <SequencePoints>
                <SequencePoint vc="1" uspid="177" ordinal="0" offset="0" sl="35" sc="5" el="35" ec="6" bec="0" bev="0" fileid="10" />
                <SequencePoint vc="1" uspid="178" ordinal="1" offset="1" sl="36" sc="13" el="36" ec="41" bec="0" bev="0" fileid="10" />
                <SequencePoint vc="1" uspid="179" ordinal="2" offset="7" sl="37" sc="13" el="37" ec="44" bec="0" bev="0" fileid="10" />
                <SequencePoint vc="1" uspid="180" ordinal="3" offset="20" sl="39" sc="13" el="39" ec="67" bec="0" bev="0" fileid="10" />
                <SequencePoint vc="1" uspid="181" ordinal="4" offset="38" sl="40" sc="13" el="40" ec="62" bec="0" bev="0" fileid="10" />
                <SequencePoint vc="1" uspid="182" ordinal="5" offset="44" sl="41" sc="13" el="41" ec="78" bec="0" bev="0" fileid="10" />
                <SequencePoint vc="1" uspid="183" ordinal="6" offset="51" sl="42" sc="13" el="42" ec="32" bec="0" bev="0" fileid="10" />
                <SequencePoint vc="1" uspid="184" ordinal="7" offset="66" sl="43" sc="13" el="43" ec="39" bec="0" bev="0" fileid="10" />
                <SequencePoint vc="1" uspid="185" ordinal="8" offset="75" sl="44" sc="13" el="44" ec="43" bec="0" bev="0" fileid="10" />
                <SequencePoint vc="1" uspid="186" ordinal="9" offset="93" sl="45" sc="13" el="45" ec="91" bec="0" bev="0" fileid="10" />
                <SequencePoint vc="1" uspid="187" ordinal="10" offset="108" sl="46" sc="13" el="46" ec="54" bec="0" bev="0" fileid="10" />
                <SequencePoint vc="1" uspid="188" ordinal="11" offset="121" sl="49" sc="5" el="49" ec="6" bec="0" bev="0" fileid="10" />
              </SequencePoints>
              <BranchPoints />
              <MethodPoint xsi:type="SequencePoint" vc="1" uspid="177" ordinal="0" offset="0" sl="35" sc="5" el="35" ec="6" bec="0" bev="0" fileid="10" />
            </Method>
            <Method visited="true" cyclomaticComplexity="1" nPathComplexity="0" sequenceCoverage="100" branchCoverage="100" isConstructor="false" isStatic="false" isGetter="false" isSetter="false">
              <Summary numSequencePoints="13" visitedSequencePoints="13" numBranchPoints="1" visitedBranchPoints="1" sequenceCoverage="100" branchCoverage="100" maxCyclomaticComplexity="1" minCyclomaticComplexity="1" visitedClasses="0" numClasses="0" visitedMethods="1" numMethods="1" />
              <MetadataToken>100663319</MetadataToken>
              <Name>System.Void Test.TestTaskServices::TaskTestEditAction()</Name>
              <FileRef uid="10" />
              <SequencePoints>
                <SequencePoint vc="1" uspid="189" ordinal="0" offset="0" sl="53" sc="5" el="53" ec="6" bec="0" bev="0" fileid="10" />
                <SequencePoint vc="1" uspid="190" ordinal="1" offset="1" sl="55" sc="9" el="55" ec="37" bec="0" bev="0" fileid="10" />
                <SequencePoint vc="1" uspid="191" ordinal="2" offset="7" sl="56" sc="9" el="56" ec="40" bec="0" bev="0" fileid="10" />
                <SequencePoint vc="1" uspid="192" ordinal="3" offset="20" sl="58" sc="9" el="58" ec="63" bec="0" bev="0" fileid="10" />
                <SequencePoint vc="1" uspid="193" ordinal="4" offset="38" sl="59" sc="9" el="59" ec="58" bec="0" bev="0" fileid="10" />
                <SequencePoint vc="1" uspid="194" ordinal="5" offset="44" sl="60" sc="9" el="60" ec="74" bec="0" bev="0" fileid="10" />
                <SequencePoint vc="1" uspid="195" ordinal="6" offset="51" sl="61" sc="9" el="61" ec="28" bec="0" bev="0" fileid="10" />
                <SequencePoint vc="1" uspid="196" ordinal="7" offset="66" sl="62" sc="9" el="62" ec="35" bec="0" bev="0" fileid="10" />
                <SequencePoint vc="1" uspid="197" ordinal="8" offset="75" sl="63" sc="9" el="63" ec="39" bec="0" bev="0" fileid="10" />
                <SequencePoint vc="1" uspid="198" ordinal="9" offset="93" sl="65" sc="9" el="65" ec="87" bec="0" bev="0" fileid="10" />
                <SequencePoint vc="1" uspid="199" ordinal="10" offset="108" sl="66" sc="9" el="66" ec="87" bec="0" bev="0" fileid="10" />
                <SequencePoint vc="1" uspid="200" ordinal="11" offset="123" sl="67" sc="9" el="67" ec="75" bec="0" bev="0" fileid="10" />
                <SequencePoint vc="1" uspid="201" ordinal="12" offset="141" sl="71" sc="9" el="71" ec="10" bec="0" bev="0" fileid="10" />
              </SequencePoints>
              <BranchPoints />
              <MethodPoint xsi:type="SequencePoint" vc="1" uspid="189" ordinal="0" offset="0" sl="53" sc="5" el="53" ec="6" bec="0" bev="0" fileid="10" />
            </Method>
            <Method visited="true" cyclomaticComplexity="1" nPathComplexity="0" sequenceCoverage="0" branchCoverage="0" isConstructor="true" isStatic="false" isGetter="false" isSetter="false">
              <Summary numSequencePoints="0" visitedSequencePoints="0" numBranchPoints="0" visitedBranchPoints="0" sequenceCoverage="0" branchCoverage="0" maxCyclomaticComplexity="1" minCyclomaticComplexity="1" visitedClasses="0" numClasses="0" visitedMethods="0" numMethods="0" />
              <MetadataToken>100663320</MetadataToken>
              <Name>System.Void Test.TestTaskServices::.ctor()</Name>
              <SequencePoints />
              <BranchPoints />
              <MethodPoint vc="1" uspid="202" ordinal="0" offset="0" />
            </Method>
          </Methods>
        </Class>
      </Classes>
    </Module>
    <Module hash="57-CB-CA-B8-03-AD-A0-6E-BD-58-FC-8F-A1-95-AC-87-3A-28-EE-E8">
      <Summary numSequencePoints="213" visitedSequencePoints="102" numBranchPoints="21" visitedBranchPoints="14" sequenceCoverage="47.89" branchCoverage="66.67" maxCyclomaticComplexity="3" minCyclomaticComplexity="1" visitedClasses="3" numClasses="3" visitedMethods="12" numMethods="19" />
      <ModulePath>C:\TaskManagerV3\TaskManager\TaskManager.Test\bin\Debug\TaskManager.BusinessLib.dll</ModulePath>
      <ModuleTime>2019-02-02T06:55:50.9441256Z</ModuleTime>
      <ModuleName>TaskManager.BusinessLib</ModuleName>
      <Files>
        <File uid="21" fullPath="C:\TaskManagerV3\TaskManager\TaskManager.BusinessLib\ProjectBL.cs" />
        <File uid="22" fullPath="C:\TaskManagerV3\TaskManager\TaskManager.BusinessLib\UserBL.cs" />
        <File uid="23" fullPath="C:\TaskManagerV3\TaskManager\TaskManager.BusinessLib\TaskBL.cs" />
      </Files>
      <Classes>
        <Class>
          <Summary numSequencePoints="0" visitedSequencePoints="0" numBranchPoints="0" visitedBranchPoints="0" sequenceCoverage="0" branchCoverage="0" maxCyclomaticComplexity="0" minCyclomaticComplexity="0" visitedClasses="0" numClasses="0" visitedMethods="0" numMethods="0" />
          <FullName>&lt;Module&gt;</FullName>
          <Methods />
        </Class>
        <Class>
          <Summary numSequencePoints="74" visitedSequencePoints="40" numBranchPoints="8" visitedBranchPoints="6" sequenceCoverage="54.05" branchCoverage="75" maxCyclomaticComplexity="3" minCyclomaticComplexity="1" visitedClasses="1" numClasses="1" visitedMethods="4" numMethods="6" />
          <FullName>TaskManager.BusinessLib.ProjectBL</FullName>
          <Methods>
            <Method visited="true" cyclomaticComplexity="2" nPathComplexity="0" sequenceCoverage="76.92" branchCoverage="100" isConstructor="false" isStatic="false" isGetter="false" isSetter="false">
              <Summary numSequencePoints="13" visitedSequencePoints="10" numBranchPoints="1" visitedBranchPoints="1" sequenceCoverage="76.92" branchCoverage="100" maxCyclomaticComplexity="2" minCyclomaticComplexity="2" visitedClasses="0" numClasses="0" visitedMethods="1" numMethods="1" />
              <MetadataToken>100663297</MetadataToken>
              <Name>System.Void TaskManager.BusinessLib.ProjectBL::AddProject(TaskManager.Entities.Project)</Name>
              <FileRef uid="21" />
              <SequencePoints>
                <SequencePoint vc="4" uspid="203" ordinal="0" offset="0" sl="22" sc="9" el="22" ec="10" bec="0" bev="0" fileid="21" />
                <SequencePoint vc="4" uspid="204" ordinal="1" offset="1" sl="24" sc="13" el="24" ec="14" bec="0" bev="0" fileid="21" />
                <SequencePoint vc="4" uspid="205" ordinal="2" offset="2" sl="25" sc="24" el="25" ec="70" bec="0" bev="0" fileid="21" />
                <SequencePoint vc="4" uspid="206" ordinal="3" offset="8" sl="26" sc="17" el="26" ec="18" bec="0" bev="0" fileid="21" />
                <SequencePoint vc="4" uspid="207" ordinal="4" offset="9" sl="28" sc="21" el="28" ec="43" bec="0" bev="0" fileid="21" />
                <SequencePoint vc="4" uspid="208" ordinal="5" offset="22" sl="29" sc="21" el="29" ec="38" bec="0" bev="0" fileid="21" />
                <SequencePoint vc="4" uspid="209" ordinal="6" offset="29" sl="30" sc="21" el="30" ec="45" bec="0" bev="0" fileid="21" />
                <SequencePoint vc="4" uspid="210" ordinal="7" offset="36" sl="31" sc="17" el="31" ec="18" bec="0" bev="0" fileid="21" />
                <SequencePoint vc="4" uspid="211" ordinal="8" offset="50" sl="32" sc="13" el="32" ec="14" bec="0" bev="0" fileid="21" />
                <SequencePoint vc="0" uspid="212" ordinal="9" offset="53" sl="34" sc="13" el="34" ec="40" bec="0" bev="0" fileid="21" />
                <SequencePoint vc="0" uspid="213" ordinal="10" offset="54" sl="35" sc="13" el="35" ec="14" bec="0" bev="0" fileid="21" />
                <SequencePoint vc="0" uspid="214" ordinal="11" offset="55" sl="37" sc="17" el="37" ec="23" bec="0" bev="0" fileid="21" />
                <SequencePoint vc="4" uspid="215" ordinal="12" offset="57" sl="39" sc="9" el="39" ec="10" bec="0" bev="0" fileid="21" />
              </SequencePoints>
              <BranchPoints />
              <MethodPoint xsi:type="SequencePoint" vc="4" uspid="203" ordinal="0" offset="0" sl="22" sc="9" el="22" ec="10" bec="0" bev="0" fileid="21" />
            </Method>
            <Method visited="true" cyclomaticComplexity="3" nPathComplexity="2" sequenceCoverage="83.33" branchCoverage="100" isConstructor="false" isStatic="false" isGetter="false" isSetter="false">
              <Summary numSequencePoints="18" visitedSequencePoints="15" numBranchPoints="3" visitedBranchPoints="3" sequenceCoverage="83.33" branchCoverage="100" maxCyclomaticComplexity="3" minCyclomaticComplexity="3" visitedClasses="0" numClasses="0" visitedMethods="1" numMethods="1" />
              <MetadataToken>100663298</MetadataToken>
              <Name>System.Collections.Generic.List`1&lt;TaskManager.Entities.Project&gt; TaskManager.BusinessLib.ProjectBL::GetAllProjects()</Name>
              <FileRef uid="21" />
              <SequencePoints>
                <SequencePoint vc="5" uspid="216" ordinal="0" offset="0" sl="45" sc="9" el="45" ec="10" bec="0" bev="0" fileid="21" />
                <SequencePoint vc="5" uspid="217" ordinal="1" offset="1" sl="47" sc="13" el="47" ec="14" bec="0" bev="0" fileid="21" />
                <SequencePoint vc="5" uspid="218" ordinal="2" offset="2" sl="48" sc="24" el="48" ec="70" bec="0" bev="0" fileid="21" />
                <SequencePoint vc="5" uspid="219" ordinal="3" offset="8" sl="49" sc="17" el="49" ec="18" bec="0" bev="0" fileid="21" />
                <SequencePoint vc="5" uspid="220" ordinal="4" offset="9" sl="50" sc="21" el="50" ec="88" bec="0" bev="0" fileid="21" />
                <SequencePoint vc="5" uspid="221" ordinal="5" offset="83" sl="51" sc="21" el="51" ec="28" bec="0" bev="0" fileid="21" />
                <SequencePoint vc="5" uspid="222" ordinal="6" offset="84" sl="51" sc="43" el="51" ec="51" bec="0" bev="0" fileid="21" />
                <SequencePoint vc="134" uspid="223" ordinal="7" offset="103" sl="51" sc="30" el="51" ec="39" bec="0" bev="0" fileid="21" />
                <SequencePoint vc="134" uspid="224" ordinal="8" offset="117" sl="52" sc="21" el="52" ec="22" bec="0" bev="0" fileid="21" />
                <SequencePoint vc="134" uspid="225" ordinal="9" offset="118" sl="53" sc="25" el="53" ec="110" bec="0" bev="0" fileid="21" />
                <SequencePoint vc="134" uspid="226" ordinal="10" offset="286" sl="54" sc="25" el="54" ec="143" bec="0" bev="0" fileid="21" />
                <SequencePoint vc="134" uspid="227" ordinal="11" offset="505" sl="55" sc="21" el="55" ec="22" bec="0" bev="0" fileid="21" />
                <SequencePoint vc="139" uspid="228" ordinal="12" offset="506" sl="51" sc="40" el="51" ec="42" bec="2" bev="2" fileid="21" />
                <SequencePoint vc="5" uspid="229" ordinal="13" offset="535" sl="56" sc="21" el="56" ec="37" bec="0" bev="0" fileid="21" />
                <SequencePoint vc="0" uspid="230" ordinal="14" offset="551" sl="80" sc="13" el="80" ec="40" bec="0" bev="0" fileid="21" />
                <SequencePoint vc="0" uspid="231" ordinal="15" offset="553" sl="81" sc="13" el="81" ec="14" bec="0" bev="0" fileid="21" />
                <SequencePoint vc="0" uspid="232" ordinal="16" offset="554" sl="83" sc="17" el="83" ec="23" bec="0" bev="0" fileid="21" />
                <SequencePoint vc="5" uspid="233" ordinal="17" offset="556" sl="85" sc="9" el="85" ec="10" bec="0" bev="0" fileid="21" />
              </SequencePoints>
              <BranchPoints>
                <BranchPoint vc="5" uspid="234" ordinal="0" offset="513" sl="51" path="0" offsetend="518" fileid="21" />
                <BranchPoint vc="134" uspid="235" ordinal="1" offset="513" sl="51" path="1" offsetend="96" fileid="21" />
              </BranchPoints>
              <MethodPoint xsi:type="SequencePoint" vc="5" uspid="216" ordinal="0" offset="0" sl="45" sc="9" el="45" ec="10" bec="0" bev="0" fileid="21" />
            </Method>
            <Method visited="true" cyclomaticComplexity="2" nPathComplexity="0" sequenceCoverage="66.67" branchCoverage="100" isConstructor="false" isStatic="false" isGetter="false" isSetter="false">
              <Summary numSequencePoints="9" visitedSequencePoints="6" numBranchPoints="1" visitedBranchPoints="1" sequenceCoverage="66.67" branchCoverage="100" maxCyclomaticComplexity="2" minCyclomaticComplexity="2" visitedClasses="0" numClasses="0" visitedMethods="1" numMethods="1" />
              <MetadataToken>100663299</MetadataToken>
              <Name>TaskManager.Entities.Project TaskManager.BusinessLib.ProjectBL::GetProjectByName(System.String)</Name>
              <FileRef uid="21" />
              <SequencePoints>
                <SequencePoint vc="3" uspid="236" ordinal="0" offset="13" sl="93" sc="9" el="93" ec="10" bec="0" bev="0" fileid="21" />
                <SequencePoint vc="3" uspid="237" ordinal="1" offset="14" sl="96" sc="13" el="96" ec="14" bec="0" bev="0" fileid="21" />
                <SequencePoint vc="3" uspid="238" ordinal="2" offset="15" sl="97" sc="24" el="97" ec="70" bec="0" bev="0" fileid="21" />
                <SequencePoint vc="3" uspid="239" ordinal="3" offset="21" sl="98" sc="17" el="98" ec="18" bec="0" bev="0" fileid="21" />
                <SequencePoint vc="3" uspid="240" ordinal="4" offset="22" sl="99" sc="21" el="99" ec="91" bec="0" bev="0" fileid="21" />
                <SequencePoint vc="0" uspid="241" ordinal="5" offset="140" sl="102" sc="13" el="102" ec="40" bec="0" bev="0" fileid="21" />
                <SequencePoint vc="0" uspid="242" ordinal="6" offset="142" sl="103" sc="13" el="103" ec="14" bec="0" bev="0" fileid="21" />
                <SequencePoint vc="0" uspid="243" ordinal="7" offset="143" sl="105" sc="17" el="105" ec="23" bec="0" bev="0" fileid="21" />
                <SequencePoint vc="3" uspid="244" ordinal="8" offset="145" sl="107" sc="9" el="107" ec="10" bec="0" bev="0" fileid="21" />
              </SequencePoints>
              <BranchPoints />
              <MethodPoint vc="3" uspid="245" ordinal="0" offset="0" />
            </Method>
            <Method visited="false" cyclomaticComplexity="2" nPathComplexity="0" sequenceCoverage="0" branchCoverage="0" isConstructor="false" isStatic="false" isGetter="false" isSetter="false">
              <Summary numSequencePoints="9" visitedSequencePoints="0" numBranchPoints="1" visitedBranchPoints="0" sequenceCoverage="0" branchCoverage="0" maxCyclomaticComplexity="2" minCyclomaticComplexity="2" visitedClasses="0" numClasses="0" visitedMethods="0" numMethods="1" />
              <MetadataToken>100663300</MetadataToken>
              <Name>TaskManager.Entities.Project TaskManager.BusinessLib.ProjectBL::GetProjectById(System.Int32)</Name>
              <FileRef uid="21" />
              <SequencePoints>
                <SequencePoint vc="0" uspid="246" ordinal="0" offset="13" sl="114" sc="9" el="114" ec="10" bec="0" bev="0" fileid="21" />
                <SequencePoint vc="0" uspid="247" ordinal="1" offset="14" sl="117" sc="13" el="117" ec="14" bec="0" bev="0" fileid="21" />
                <SequencePoint vc="0" uspid="248" ordinal="2" offset="15" sl="118" sc="24" el="118" ec="70" bec="0" bev="0" fileid="21" />
                <SequencePoint vc="0" uspid="249" ordinal="3" offset="21" sl="119" sc="17" el="119" ec="18" bec="0" bev="0" fileid="21" />
                <SequencePoint vc="0" uspid="250" ordinal="4" offset="22" sl="120" sc="21" el="120" ec="87" bec="0" bev="0" fileid="21" />
                <SequencePoint vc="0" uspid="251" ordinal="5" offset="140" sl="123" sc="13" el="123" ec="40" bec="0" bev="0" fileid="21" />
                <SequencePoint vc="0" uspid="252" ordinal="6" offset="142" sl="124" sc="13" el="124" ec="14" bec="0" bev="0" fileid="21" />
                <SequencePoint vc="0" uspid="253" ordinal="7" offset="143" sl="126" sc="17" el="126" ec="23" bec="0" bev="0" fileid="21" />
                <SequencePoint vc="0" uspid="254" ordinal="8" offset="145" sl="128" sc="9" el="128" ec="10" bec="0" bev="0" fileid="21" />
              </SequencePoints>
              <BranchPoints />
              <MethodPoint vc="0" uspid="255" ordinal="0" offset="0" />
            </Method>
            <Method visited="true" cyclomaticComplexity="2" nPathComplexity="0" sequenceCoverage="75" branchCoverage="100" isConstructor="false" isStatic="false" isGetter="false" isSetter="false">
              <Summary numSequencePoints="12" visitedSequencePoints="9" numBranchPoints="1" visitedBranchPoints="1" sequenceCoverage="75" branchCoverage="100" maxCyclomaticComplexity="2" minCyclomaticComplexity="2" visitedClasses="0" numClasses="0" visitedMethods="1" numMethods="1" />
              <MetadataToken>100663301</MetadataToken>
              <Name>System.Void TaskManager.BusinessLib.ProjectBL::UpdateProject(TaskManager.Entities.Project)</Name>
              <FileRef uid="21" />
              <SequencePoints>
                <SequencePoint vc="2" uspid="256" ordinal="0" offset="0" sl="134" sc="9" el="134" ec="10" bec="0" bev="0" fileid="21" />
                <SequencePoint vc="2" uspid="257" ordinal="1" offset="1" sl="136" sc="13" el="136" ec="14" bec="0" bev="0" fileid="21" />
                <SequencePoint vc="2" uspid="258" ordinal="2" offset="2" sl="137" sc="24" el="137" ec="70" bec="0" bev="0" fileid="21" />
                <SequencePoint vc="2" uspid="259" ordinal="3" offset="8" sl="138" sc="17" el="138" ec="18" bec="0" bev="0" fileid="21" />
                <SequencePoint vc="2" uspid="260" ordinal="4" offset="9" sl="139" sc="21" el="139" ec="68" bec="0" bev="0" fileid="21" />
                <SequencePoint vc="2" uspid="261" ordinal="5" offset="24" sl="140" sc="21" el="140" ec="38" bec="0" bev="0" fileid="21" />
                <SequencePoint vc="2" uspid="262" ordinal="6" offset="31" sl="141" sc="17" el="141" ec="18" bec="0" bev="0" fileid="21" />
                <SequencePoint vc="2" uspid="263" ordinal="7" offset="45" sl="142" sc="13" el="142" ec="14" bec="0" bev="0" fileid="21" />
                <SequencePoint vc="0" uspid="264" ordinal="8" offset="48" sl="143" sc="13" el="143" ec="40" bec="0" bev="0" fileid="21" />
                <SequencePoint vc="0" uspid="265" ordinal="9" offset="49" sl="144" sc="13" el="144" ec="14" bec="0" bev="0" fileid="21" />
                <SequencePoint vc="0" uspid="266" ordinal="10" offset="50" sl="146" sc="17" el="146" ec="23" bec="0" bev="0" fileid="21" />
                <SequencePoint vc="2" uspid="267" ordinal="11" offset="52" sl="148" sc="9" el="148" ec="10" bec="0" bev="0" fileid="21" />
              </SequencePoints>
              <BranchPoints />
              <MethodPoint xsi:type="SequencePoint" vc="2" uspid="256" ordinal="0" offset="0" sl="134" sc="9" el="134" ec="10" bec="0" bev="0" fileid="21" />
            </Method>
            <Method visited="false" cyclomaticComplexity="2" nPathComplexity="0" sequenceCoverage="0" branchCoverage="0" isConstructor="false" isStatic="false" isGetter="false" isSetter="false">
[...]
            </Method>
            <Method visited="true" cyclomaticComplexity="2" nPathComplexity="2" sequenceCoverage="75" branchCoverage="66.67" isConstructor="false" isStatic="false" isGetter="false" isSetter="false">
              <Summary numSequencePoints="8" visitedSequencePoints="6" numBranchPoints="3" visitedBranchPoints="2" sequenceCoverage="75" branchCoverage="66.67" maxCyclomaticComplexity="2" minCyclomaticComplexity="2" visitedClasses="0" numClasses="0" visitedMethods="1" numMethods="1" />
              <MetadataToken>100663313</MetadataToken>
              <Name>System.Web.Http.IHttpActionResult TaskManager.API.ProjectController::Put(TaskManager.Entities.Project)</Name>
              <FileRef uid="36" />
              <SequencePoints>
                <SequencePoint vc="1" uspid="526" ordinal="0" offset="0" sl="63" sc="9" el="63" ec="10" bec="0" bev="0" fileid="36" />
                <SequencePoint vc="1" uspid="527" ordinal="1" offset="1" sl="64" sc="13" el="64" ec="37" bec="2" bev="1" fileid="36" />
                <SequencePoint vc="0" uspid="528" ordinal="2" offset="19" sl="65" sc="13" el="65" ec="14" bec="0" bev="0" fileid="36" />
                <SequencePoint vc="0" uspid="529" ordinal="3" offset="20" sl="66" sc="17" el="66" ec="47" bec="0" bev="0" fileid="36" />
                <SequencePoint vc="1" uspid="530" ordinal="4" offset="35" sl="68" sc="13" el="68" ec="45" bec="0" bev="0" fileid="36" />
                <SequencePoint vc="1" uspid="531" ordinal="5" offset="41" sl="69" sc="13" el="69" ec="40" bec="0" bev="0" fileid="36" />
                <SequencePoint vc="1" uspid="532" ordinal="6" offset="49" sl="70" sc="13" el="70" ec="45" bec="0" bev="0" fileid="36" />
                <SequencePoint vc="1" uspid="533" ordinal="7" offset="64" sl="71" sc="9" el="71" ec="10" bec="0" bev="0" fileid="36" />
              </SequencePoints>
              <BranchPoints>
                <BranchPoint vc="0" uspid="534" ordinal="0" offset="17" sl="64" path="0" offsetend="19" fileid="36" />
                <BranchPoint vc="1" uspid="535" ordinal="1" offset="17" sl="64" path="1" offsetend="35" fileid="36" />
              </BranchPoints>
              <MethodPoint xsi:type="SequencePoint" vc="1" uspid="526" ordinal="0" offset="0" sl="63" sc="9" el="63" ec="10" bec="0" bev="0" fileid="36" />
            </Method>
            <Method visited="true" cyclomaticComplexity="1" nPathComplexity="0" sequenceCoverage="0" branchCoverage="0" isConstructor="true" isStatic="false" isGetter="false" isSetter="false">
              <Summary numSequencePoints="0" visitedSequencePoints="0" numBranchPoints="0" visitedBranchPoints="0" sequenceCoverage="0" branchCoverage="0" maxCyclomaticComplexity="1" minCyclomaticComplexity="1" visitedClasses="0" numClasses="0" visitedMethods="0" numMethods="0" />
              <MetadataToken>100663314</MetadataToken>
              <Name>System.Void TaskManager.API.ProjectController::.ctor()</Name>
              <SequencePoints />
              <BranchPoints />
              <MethodPoint vc="3" uspid="536" ordinal="0" offset="0" />
            </Method>
          </Methods>
        </Class>
        <Class>
          <Summary numSequencePoints="7" visitedSequencePoints="0" numBranchPoints="1" visitedBranchPoints="0" sequenceCoverage="0" branchCoverage="0" maxCyclomaticComplexity="1" minCyclomaticComplexity="1" visitedClasses="0" numClasses="1" visitedMethods="0" numMethods="1" />
          <FullName>TaskManager.API.WebApiApplication</FullName>
          <Methods>
            <Method visited="false" cyclomaticComplexity="1" nPathComplexity="0" sequenceCoverage="0" branchCoverage="0" isConstructor="false" isStatic="false" isGetter="false" isSetter="false">
              <Summary numSequencePoints="7" visitedSequencePoints="0" numBranchPoints="1" visitedBranchPoints="0" sequenceCoverage="0" branchCoverage="0" maxCyclomaticComplexity="1" minCyclomaticComplexity="1" visitedClasses="0" numClasses="0" visitedMethods="0" numMethods="1" />
              <MetadataToken>100663315</MetadataToken>
              <Name>System.Void TaskManager.API.WebApiApplication::Application_Start()</Name>
              <FileRef uid="37" />
              <SequencePoints>
                <SequencePoint vc="0" uspid="537" ordinal="0" offset="0" sl="17" sc="9" el="17" ec="10" bec="0" bev="0" fileid="37" />
                <SequencePoint vc="0" uspid="538" ordinal="1" offset="1" sl="18" sc="13" el="19" ec="75" bec="0" bev="0" fileid="37" />
                <SequencePoint vc="0" uspid="539" ordinal="2" offset="28" sl="20" sc="13" el="21" ec="84" bec="0" bev="0" fileid="37" />
                <SequencePoint vc="0" uspid="540" ordinal="3" offset="59" sl="22" sc="13" el="22" ec="115" bec="0" bev="0" fileid="37" />
                <SequencePoint vc="0" uspid="541" ordinal="4" offset="70" sl="23" sc="13" el="23" ec="62" bec="0" bev="0" fileid="37" />
                <SequencePoint vc="0" uspid="542" ordinal="5" offset="77" sl="24" sc="13" el="24" ec="66" bec="0" bev="0" fileid="37" />
                <SequencePoint vc="0" uspid="543" ordinal="6" offset="95" sl="26" sc="9" el="26" ec="10" bec="0" bev="0" fileid="37" />
              </SequencePoints>
              <BranchPoints />
              <MethodPoint xsi:type="SequencePoint" vc="0" uspid="537" ordinal="0" offset="0" sl="17" sc="9" el="17" ec="10" bec="0" bev="0" fileid="37" />
            </Method>
            <Method visited="false" cyclomaticComplexity="1" nPathComplexity="0" sequenceCoverage="0" branchCoverage="0" isConstructor="true" isStatic="false" isGetter="false" isSetter="false">
              <Summary numSequencePoints="0" visitedSequencePoints="0" numBranchPoints="0" visitedBranchPoints="0" sequenceCoverage="0" branchCoverage="0" maxCyclomaticComplexity="1" minCyclomaticComplexity="1" visitedClasses="0" numClasses="0" visitedMethods="0" numMethods="0" />
              <MetadataToken>100663316</MetadataToken>
              <Name>System.Void TaskManager.API.WebApiApplication::.ctor()</Name>
              <SequencePoints />
              <BranchPoints />
              <MethodPoint vc="0" uspid="544" ordinal="0" offset="0" />
            </Method>
          </Methods>
        </Class>
        <Class>
          <Summary numSequencePoints="38" visitedSequencePoints="16" numBranchPoints="12" visitedBranchPoints="5" sequenceCoverage="42.11" branchCoverage="41.67" maxCyclomaticComplexity="2" minCyclomaticComplexity="1" visitedClasses="1" numClasses="1" visitedMethods="3" numMethods="6" />
          <FullName>TaskManager.API.TaskController</FullName>
          <Methods>
            <Method visited="true" cyclomaticComplexity="1" nPathComplexity="0" sequenceCoverage="100" branchCoverage="100" isConstructor="false" isStatic="false" isGetter="false" isSetter="false">
              <Summary numSequencePoints="4" visitedSequencePoints="4" numBranchPoints="1" visitedBranchPoints="1" sequenceCoverage="100" branchCoverage="100" maxCyclomaticComplexity="1" minCyclomaticComplexity="1" visitedClasses="0" numClasses="0" visitedMethods="1" numMethods="1" />
              <MetadataToken>100663317</MetadataToken>
              <Name>System.Web.Http.IHttpActionResult TaskManager.API.TaskController::Get()</Name>
              <FileRef uid="38" />
              <SequencePoints>
                <SequencePoint vc="1" uspid="545" ordinal="0" offset="0" sl="17" sc="9" el="17" ec="10" bec="0" bev="0" fileid="38" />
                <SequencePoint vc="1" uspid="546" ordinal="1" offset="1" sl="19" sc="13" el="19" ec="39" bec="0" bev="0" fileid="38" />
                <SequencePoint vc="1" uspid="547" ordinal="2" offset="7" sl="20" sc="13" el="20" ec="42" bec="0" bev="0" fileid="38" />
                <SequencePoint vc="1" uspid="548" ordinal="3" offset="22" sl="21" sc="9" el="21" ec="10" bec="0" bev="0" fileid="38" />
              </SequencePoints>
              <BranchPoints />
              <MethodPoint xsi:type="SequencePoint" vc="1" uspid="545" ordinal="0" offset="0" sl="17" sc="9" el="17" ec="10" bec="0" bev="0" fileid="38" />
            </Method>
            <Method visited="false" cyclomaticComplexity="1" nPathComplexity="0" sequenceCoverage="0" branchCoverage="0" isConstructor="false" isStatic="false" isGetter="false" isSetter="false">
              <Summary numSequencePoints="4" visitedSequencePoints="0" numBranchPoints="1" visitedBranchPoints="0" sequenceCoverage="0" branchCoverage="0" maxCyclomaticComplexity="1" minCyclomaticComplexity="1" visitedClasses="0" numClasses="0" visitedMethods="0" numMethods="1" />
              <MetadataToken>100663318</MetadataToken>
              <Name>System.Web.Http.IHttpActionResult TaskManager.API.TaskController::GetTasksById(System.Int32)</Name>
              <FileRef uid="38" />
              <SequencePoints>
                <SequencePoint vc="0" uspid="549" ordinal="0" offset="0" sl="24" sc="9" el="24" ec="10" bec="0" bev="0" fileid="38" />
                <SequencePoint vc="0" uspid="550" ordinal="1" offset="1" sl="26" sc="13" el="26" ec="39" bec="0" bev="0" fileid="38" />
                <SequencePoint vc="0" uspid="551" ordinal="2" offset="7" sl="27" sc="13" el="27" ec="48" bec="0" bev="0" fileid="38" />
                <SequencePoint vc="0" uspid="552" ordinal="3" offset="23" sl="28" sc="9" el="28" ec="10" bec="0" bev="0" fileid="38" />
              </SequencePoints>
              <BranchPoints />
              <MethodPoint xsi:type="SequencePoint" vc="0" uspid="549" ordinal="0" offset="0" sl="24" sc="9" el="24" ec="10" bec="0" bev="0" fileid="38" />
            </Method>
            <Method visited="false" cyclomaticComplexity="1" nPathComplexity="0" sequenceCoverage="0" branchCoverage="0" isConstructor="false" isStatic="false" isGetter="false" isSetter="false">
              <Summary numSequencePoints="4" visitedSequencePoints="0" numBranchPoints="1" visitedBranchPoints="0" sequenceCoverage="0" branchCoverage="0" maxCyclomaticComplexity="1" minCyclomaticComplexity="1" visitedClasses="0" numClasses="0" visitedMethods="0" numMethods="1" />
              <MetadataToken>100663319</MetadataToken>
              <Name>System.Web.Http.IHttpActionResult TaskManager.API.TaskController::GetTaskByProjectId(System.Int32)</Name>
              <FileRef uid="38" />
              <SequencePoints>
                <SequencePoint vc="0" uspid="553" ordinal="0" offset="0" sl="31" sc="9" el="31" ec="10" bec="0" bev="0" fileid="38" />
                <SequencePoint vc="0" uspid="554" ordinal="1" offset="1" sl="33" sc="13" el="33" ec="39" bec="0" bev="0" fileid="38" />
                <SequencePoint vc="0" uspid="555" ordinal="2" offset="7" sl="34" sc="13" el="34" ec="55" bec="0" bev="0" fileid="38" />
                <SequencePoint vc="0" uspid="556" ordinal="3" offset="23" sl="35" sc="9" el="35" ec="10" bec="0" bev="0" fileid="38" />
              </SequencePoints>
              <BranchPoints />
              <MethodPoint xsi:type="SequencePoint" vc="0" uspid="553" ordinal="0" offset="0" sl="31" sc="9" el="31" ec="10" bec="0" bev="0" fileid="38" />
            </Method>
            <Method visited="false" cyclomaticComplexity="2" nPathComplexity="2" sequenceCoverage="0" branchCoverage="0" isConstructor="false" isStatic="false" isGetter="false" isSetter="false">
              <Summary numSequencePoints="10" visitedSequencePoints="0" numBranchPoints="3" visitedBranchPoints="0" sequenceCoverage="0" branchCoverage="0" maxCyclomaticComplexity="2" minCyclomaticComplexity="2" visitedClasses="0" numClasses="0" visitedMethods="0" numMethods="1" />
              <MetadataToken>100663320</MetadataToken>
              <Name>System.Web.Http.IHttpActionResult TaskManager.API.TaskController::Delete(System.Int32)</Name>
              <FileRef uid="38" />
              <SequencePoints>
                <SequencePoint vc="0" uspid="557" ordinal="0" offset="0" sl="39" sc="9" el="39" ec="10" bec="0" bev="0" fileid="38" />
                <SequencePoint vc="0" uspid="558" ordinal="1" offset="1" sl="41" sc="13" el="41" ec="39" bec="0" bev="0" fileid="38" />
                <SequencePoint vc="0" uspid="559" ordinal="2" offset="7" sl="42" sc="13" el="42" ec="48" bec="0" bev="0" fileid="38" />
                <SequencePoint vc="0" uspid="560" ordinal="3" offset="15" sl="43" sc="13" el="43" ec="30" bec="2" bev="0" fileid="38" />
                <SequencePoint vc="0" uspid="561" ordinal="4" offset="23" sl="44" sc="13" el="44" ec="14" bec="0" bev="0" fileid="38" />
                <SequencePoint vc="0" uspid="562" ordinal="5" offset="24" sl="45" sc="17" el="49" ec="19" bec="0" bev="0" fileid="38" />
                <SequencePoint vc="0" uspid="563" ordinal="6" offset="81" sl="50" sc="17" el="50" ec="55" bec="0" bev="0" fileid="38" />
                <SequencePoint vc="0" uspid="564" ordinal="7" offset="88" sl="53" sc="13" el="53" ec="36" bec="0" bev="0" fileid="38" />
                <SequencePoint vc="0" uspid="565" ordinal="8" offset="96" sl="54" sc="13" el="54" ec="51" bec="0" bev="0" fileid="38" />
                <SequencePoint vc="0" uspid="566" ordinal="9" offset="111" sl="55" sc="9" el="55" ec="10" bec="0" bev="0" fileid="38" />
              </SequencePoints>
              <BranchPoints>
                <BranchPoint vc="0" uspid="567" ordinal="0" offset="21" sl="43" path="0" offsetend="23" fileid="38" />
                <BranchPoint vc="0" uspid="568" ordinal="1" offset="21" sl="43" path="1" offsetend="88" fileid="38" />
              </BranchPoints>
              <MethodPoint xsi:type="SequencePoint" vc="0" uspid="557" ordinal="0" offset="0" sl="39" sc="9" el="39" ec="10" bec="0" bev="0" fileid="38" />
            </Method>
            <Method visited="true" cyclomaticComplexity="2" nPathComplexity="2" sequenceCoverage="75" branchCoverage="66.67" isConstructor="false" isStatic="false" isGetter="false" isSetter="false">
              <Summary numSequencePoints="8" visitedSequencePoints="6" numBranchPoints="3" visitedBranchPoints="2" sequenceCoverage="75" branchCoverage="66.67" maxCyclomaticComplexity="2" minCyclomaticComplexity="2" visitedClasses="0" numClasses="0" visitedMethods="1" numMethods="1" />
              <MetadataToken>100663321</MetadataToken>
              <Name>System.Web.Http.IHttpActionResult TaskManager.API.TaskController::Post(TaskManager.Entities.Task)</Name>
              <FileRef uid="38" />
              <SequencePoints>
                <SequencePoint vc="2" uspid="569" ordinal="0" offset="0" sl="59" sc="9" el="59" ec="10" bec="0" bev="0" fileid="38" />
                <SequencePoint vc="2" uspid="570" ordinal="1" offset="1" sl="60" sc="13" el="60" ec="37" bec="2" bev="1" fileid="38" />
                <SequencePoint vc="0" uspid="571" ordinal="2" offset="19" sl="61" sc="13" el="61" ec="14" bec="0" bev="0" fileid="38" />
                <SequencePoint vc="0" uspid="572" ordinal="3" offset="20" sl="62" sc="17" el="62" ec="47" bec="0" bev="0" fileid="38" />
                <SequencePoint vc="2" uspid="573" ordinal="4" offset="35" sl="64" sc="13" el="64" ec="39" bec="0" bev="0" fileid="38" />
                <SequencePoint vc="2" uspid="574" ordinal="5" offset="41" sl="65" sc="13" el="65" ec="31" bec="0" bev="0" fileid="38" />
                <SequencePoint vc="2" uspid="575" ordinal="6" offset="49" sl="66" sc="13" el="66" ec="47" bec="0" bev="0" fileid="38" />
                <SequencePoint vc="2" uspid="576" ordinal="7" offset="72" sl="67" sc="9" el="67" ec="10" bec="0" bev="0" fileid="38" />
              </SequencePoints>
              <BranchPoints>
                <BranchPoint vc="0" uspid="577" ordinal="0" offset="17" sl="60" path="0" offsetend="19" fileid="38" />
                <BranchPoint vc="2" uspid="578" ordinal="1" offset="17" sl="60" path="1" offsetend="35" fileid="38" />
              </BranchPoints>
              <MethodPoint xsi:type="SequencePoint" vc="2" uspid="569" ordinal="0" offset="0" sl="59" sc="9" el="59" ec="10" bec="0" bev="0" fileid="38" />
            </Method>
            <Method visited="true" cyclomaticComplexity="2" nPathComplexity="2" sequenceCoverage="75" branchCoverage="66.67" isConstructor="false" isStatic="false" isGetter="false" isSetter="false">
              <Summary numSequencePoints="8" visitedSequencePoints="6" numBranchPoints="3" visitedBranchPoints="2" sequenceCoverage="75" branchCoverage="66.67" maxCyclomaticComplexity="2" minCyclomaticComplexity="2" visitedClasses="0" numClasses="0" visitedMethods="1" numMethods="1" />
              <MetadataToken>100663322</MetadataToken>
              <Name>System.Web.Http.IHttpActionResult TaskManager.API.TaskController::Put(TaskManager.Entities.Task)</Name>
              <FileRef uid="38" />
              <SequencePoints>
                <SequencePoint vc="1" uspid="579" ordinal="0" offset="0" sl="70" sc="9" el="70" ec="10" bec="0" bev="0" fileid="38" />
                <SequencePoint vc="1" uspid="580" ordinal="1" offset="1" sl="71" sc="13" el="71" ec="37" bec="2" bev="1" fileid="38" />
                <SequencePoint vc="0" uspid="581" ordinal="2" offset="19" sl="72" sc="13" el="72" ec="14" bec="0" bev="0" fileid="38" />
                <SequencePoint vc="0" uspid="582" ordinal="3" offset="20" sl="73" sc="17" el="73" ec="47" bec="0" bev="0" fileid="38" />
                <SequencePoint vc="1" uspid="583" ordinal="4" offset="35" sl="75" sc="13" el="75" ec="39" bec="0" bev="0" fileid="38" />
                <SequencePoint vc="1" uspid="584" ordinal="5" offset="41" sl="76" sc="13" el="76" ec="34" bec="0" bev="0" fileid="38" />
                <SequencePoint vc="1" uspid="585" ordinal="6" offset="49" sl="77" sc="13" el="77" ec="51" bec="0" bev="0" fileid="38" />
                <SequencePoint vc="1" uspid="586" ordinal="7" offset="63" sl="78" sc="9" el="78" ec="10" bec="0" bev="0" fileid="38" />
              </SequencePoints>
              <BranchPoints>
                <BranchPoint vc="0" uspid="587" ordinal="0" offset="17" sl="71" path="0" offsetend="19" fileid="38" />
                <BranchPoint vc="1" uspid="588" ordinal="1" offset="17" sl="71" path="1" offsetend="35" fileid="38" />
              </BranchPoints>
              <MethodPoint xsi:type="SequencePoint" vc="1" uspid="579" ordinal="0" offset="0" sl="70" sc="9" el="70" ec="10" bec="0" bev="0" fileid="38" />
            </Method>
            <Method visited="true" cyclomaticComplexity="1" nPathComplexity="0" sequenceCoverage="0" branchCoverage="0" isConstructor="true" isStatic="false" isGetter="false" isSetter="false">
              <Summary numSequencePoints="0" visitedSequencePoints="0" numBranchPoints="0" visitedBranchPoints="0" sequenceCoverage="0" branchCoverage="0" maxCyclomaticComplexity="1" minCyclomaticComplexity="1" visitedClasses="0" numClasses="0" visitedMethods="0" numMethods="0" />
              <MetadataToken>100663323</MetadataToken>
              <Name>System.Void TaskManager.API.TaskController::.ctor()</Name>
              <SequencePoints />
              <BranchPoints />
              <MethodPoint vc="3" uspid="589" ordinal="0" offset="0" />
            </Method>
          </Methods>
        </Class>
      </Classes>
    </Module>
    <Module skippedDueTo="Filter" hash="F9-9B-B5-71-3A-BE-A4-D1-7B-42-24-6F-13-97-0A-EB-C4-29-42-FE">
      <ModulePath>C:\TaskManagerV3\TaskManager\TaskManager.Test\bin\Debug\System.Web.Http.dll</ModulePath>
      <ModuleTime>2018-05-10T17:09:16Z</ModuleTime>
      <ModuleName>System.Web.Http</ModuleName>
      <Classes />
    </Module>
    <Module skippedDueTo="Filter" hash="AA-F9-5B-08-84-E6-BF-7A-58-47-F8-F7-D9-D7-BB-95-22-70-B1-DF">
      <ModulePath>C:\WINDOWS\Microsoft.Net\assembly\GAC_MSIL\System.Web.Extensions\v4.0_4.0.0.0__31bf3856ad364e35\System.Web.Extensions.dll</ModulePath>
      <ModuleTime>2018-11-13T02:15:11.5896111Z</ModuleTime>
      <ModuleName>System.Web.Extensions</ModuleName>
      <Classes />
    </Module>
  </Modules>
</CoverageSession>